This is pdfTeX, Version 3.14159265-2.6-1.40.21 (MiKTeX 20.7) (preloaded format=pdflatex 2020.8.18)  13 MAY 2021 13:52
entering extended mode
**c:/Users/atuls/Documents/SparkleShare/DI_WCF_1/Overleaf/DI_WCF_draft2.tex
(c:/Users/atuls/Documents/SparkleShare/DI_WCF_1/Overleaf/DI_WCF_draft2.tex
LaTeX2e <2020-02-02> patch level 5
L3 programming layer <2020-07-17> ("C:\Program Files\MiKTeX\tex/latex/base\article.cls"
Document Class: article 2019/12/20 v1.4l Standard LaTeX document class
("C:\Program Files\MiKTeX\tex/latex/base\size10.clo"
File: size10.clo 2019/12/20 v1.4l Standard LaTeX file (size option)
)
\c@part=\count168
\c@section=\count169
\c@subsection=\count170
\c@subsubsection=\count171
\c@paragraph=\count172
\c@subparagraph=\count173
\c@figure=\count174
\c@table=\count175
\abovecaptionskip=\skip47
\belowcaptionskip=\skip48
\bibindent=\dimen134
) ("C:\Program Files\MiKTeX\tex/latex/amsmath\amsmath.sty"
Package: amsmath 2020/01/20 v2.17e AMS math features
\@mathmargin=\skip49

For additional information on amsmath, use the `?' option.
("C:\Program Files\MiKTeX\tex/latex/amsmath\amstext.sty"
Package: amstext 2000/06/29 v2.01 AMS text
 ("C:\Program Files\MiKTeX\tex/latex/amsmath\amsgen.sty"
File: amsgen.sty 1999/11/30 v2.0 generic functions
\@emptytoks=\toks15
\ex@=\dimen135
)) ("C:\Program Files\MiKTeX\tex/latex/amsmath\amsbsy.sty"
Package: amsbsy 1999/11/29 v1.2d Bold Symbols
\pmbraise@=\dimen136
) ("C:\Program Files\MiKTeX\tex/latex/amsmath\amsopn.sty"
Package: amsopn 2016/03/08 v2.02 operator names
)
\inf@bad=\count176
LaTeX Info: Redefining \frac on input line 227.
\uproot@=\count177
\leftroot@=\count178
LaTeX Info: Redefining \overline on input line 389.
\classnum@=\count179
\DOTSCASE@=\count180
LaTeX Info: Redefining \ldots on input line 486.
LaTeX Info: Redefining \dots on input line 489.
LaTeX Info: Redefining \cdots on input line 610.
\Mathstrutbox@=\box45
\strutbox@=\box46
\big@size=\dimen137
LaTeX Font Info:    Redeclaring font encoding OML on input line 733.
LaTeX Font Info:    Redeclaring font encoding OMS on input line 734.
\macc@depth=\count181
\c@MaxMatrixCols=\count182
\dotsspace@=\muskip16
\c@parentequation=\count183
\dspbrk@lvl=\count184
\tag@help=\toks16
\row@=\count185
\column@=\count186
\maxfields@=\count187
\andhelp@=\toks17
\eqnshift@=\dimen138
\alignsep@=\dimen139
\tagshift@=\dimen140
\tagwidth@=\dimen141
\totwidth@=\dimen142
\lineht@=\dimen143
\@envbody=\toks18
\multlinegap=\skip50
\multlinetaggap=\skip51
\mathdisplay@stack=\toks19
LaTeX Info: Redefining \[ on input line 2859.
LaTeX Info: Redefining \] on input line 2860.
) ("C:\Program Files\MiKTeX\tex/latex/preprint\authblk.sty"
Package: authblk 2001/02/27 1.3 (PWD)
\affilsep=\skip52
\@affilsep=\skip53
\c@Maxaffil=\count188
\c@authors=\count189
\c@affil=\count190
) ("C:\Program Files\MiKTeX\tex/latex/amscls\amsthm.sty"
Package: amsthm 2020/05/29 v2.20.6
\thm@style=\toks20
\thm@bodyfont=\toks21
\thm@headfont=\toks22
\thm@notefont=\toks23
\thm@headpunct=\toks24
\thm@preskip=\skip54
\thm@postskip=\skip55
\thm@headsep=\skip56
\dth@everypar=\toks25
) ("C:\Program Files\MiKTeX\tex/latex/libertine\libertineRoman.sty"
Package: libertineRoman 2020/03/26 (Bob Tennent) Supports Libertine Roman fonts for all LaTeX engines.
 ("C:\Program Files\MiKTeX\tex/generic/iftex\ifxetex.sty"
Package: ifxetex 2019/10/25 v0.7 ifxetex legacy package. Use iftex instead.
 ("C:\Program Files\MiKTeX\tex/generic/iftex\iftex.sty"
Package: iftex 2020/03/06 v1.0d TeX engine tests
)) ("C:\Program Files\MiKTeX\tex/generic/iftex\ifluatex.sty"
Package: ifluatex 2019/10/25 v1.5 ifluatex legacy package. Use iftex instead.
) ("C:\Program Files\MiKTeX\tex/latex/xkeyval\xkeyval.sty"
Package: xkeyval 2014/12/03 v2.7a package option processing (HA)
 ("C:\Program Files\MiKTeX\tex/generic/xkeyval\xkeyval.tex" ("C:\Program Files\MiKTeX\tex/generic/xkeyval\xkvutils.tex"
\XKV@toks=\toks26
\XKV@tempa@toks=\toks27
 ("C:\Program Files\MiKTeX\tex/generic/xkeyval\keyval.tex"))
\XKV@depth=\count191
File: xkeyval.tex 2014/12/03 v2.7a key=value parser (HA)
)) ("C:\Program Files\MiKTeX\tex/latex/base\textcomp.sty"
Package: textcomp 2020/02/02 v2.0n Standard LaTeX package
) ("C:\Program Files\MiKTeX\tex/latex/base\fontenc.sty"
Package: fontenc 2020/02/11 v2.0o Standard LaTeX package
) ("C:\Program Files\MiKTeX\tex/latex/fontaxes\fontaxes.sty"
Package: fontaxes 2020/07/21 v1.0e Font selection axes
LaTeX Info: Redefining \upshape on input line 29.
LaTeX Info: Redefining \itshape on input line 31.
LaTeX Info: Redefining \slshape on input line 33.
LaTeX Info: Redefining \swshape on input line 35.
LaTeX Info: Redefining \scshape on input line 37.
LaTeX Info: Redefining \sscshape on input line 39.
LaTeX Info: Redefining \ulcshape on input line 41.
LaTeX Info: Redefining \textsw on input line 47.
LaTeX Info: Redefining \textssc on input line 48.
LaTeX Info: Redefining \textulc on input line 49.
)
LaTeX Info: Redefining \oldstylenums on input line 232.
 ("C:\Program Files\MiKTeX\tex/latex/libertine\LinLibertine_I.tex")) ("C:\Program Files\MiKTeX\tex/latex/libertine\biolinum.sty"
Package: biolinum 2020/03/26 (Bob Tennent) Supports Biolinum fonts for all LaTeX engines.
 ("C:\Program Files\MiKTeX\tex/latex/base\fontenc.sty"
Package: fontenc 2020/02/11 v2.0o Standard LaTeX package
LaTeX Font Info:    Trying to load font information for OT1+LinuxLibertineT-TLF on input line 112.
 ("C:\Program Files\MiKTeX\tex/latex/libertine\ot1linuxlibertinet-tlf.fd"
File: OT1LinuxLibertineT-TLF.fd 2017/03/20 (autoinst) Font definitions for OT1/LinuxLibertineT-TLF.
)
LaTeX Font Info:    Font shape `OT1/LinuxLibertineT-TLF/m/n' will be
(Font)              scaled to size 10.0pt on input line 112.
)
LaTeX Info: Redefining \textsu on input line 241.
LaTeX Info: Redefining \liningnums on input line 251.
LaTeX Info: Redefining \oldstylenumsf on input line 252.
LaTeX Info: Redefining \liningnumsf on input line 253.
) ("C:\Program Files\MiKTeX\tex/latex/newtx\newtxmath.sty"
Package: newtxmath 2020/07/22 v1.628
 `newtxmath' v1.628, 2020/07/22 Math macros based originally on txfonts (msharpe) ("C:\Program Files\MiKTeX\tex/latex/base\ifthen.sty"
Package: ifthen 2014/09/29 v1.1c Standard LaTeX ifthen package (DPC)
) ("C:\Program Files\MiKTeX\tex/latex/etoolbox\etoolbox.sty"
Package: etoolbox 2020/07/15 v2.5i e-TeX tools for LaTeX (JAW)
\etb@tempcnta=\count192
) ("C:\Program Files\MiKTeX\tex/latex/oberdiek\centernot.sty"
Package: centernot 2016/05/16 v1.4 Centers the not symbol horizontally (HO)
)
\tx@cntz=\count193
 ("C:\Program Files\MiKTeX\tex/generic/binhex\binhex.tex")
\tx@Isdigit=\count194
\tx@IsAlNum=\count195
\tx@tA=\toks28
\tx@tB=\toks29
\tx@su=\read2
LaTeX Font Info:    Redeclaring symbol font `operators' on input line 328.
LaTeX Font Info:    Overwriting symbol font `operators' in version `normal'
(Font)                  OT1/cmr/m/n --> OT1/LinuxLibertineT-TLF/m/n on input line 328.
LaTeX Font Info:    Overwriting symbol font `operators' in version `bold'
(Font)                  OT1/cmr/bx/n --> OT1/LinuxLibertineT-TLF/m/n on input line 328.
LaTeX Font Info:    Overwriting symbol font `operators' in version `bold'
(Font)                  OT1/LinuxLibertineT-TLF/m/n --> OT1/LinuxLibertineT-TLF/sb/n on input line 329.
LaTeX Font Info:    Redeclaring math alphabet \mathsf on input line 337.
LaTeX Font Info:    Overwriting math alphabet `\mathsf' in version `normal'
(Font)                  OT1/cmss/m/n --> OT1/LinuxBiolinumT-TLF/m/n on input line 337.
LaTeX Font Info:    Overwriting math alphabet `\mathsf' in version `bold'
(Font)                  OT1/cmss/bx/n --> OT1/LinuxBiolinumT-TLF/m/n on input line 337.
LaTeX Font Info:    Redeclaring math alphabet \mathit on input line 338.
LaTeX Font Info:    Overwriting math alphabet `\mathit' in version `normal'
(Font)                  OT1/cmr/m/it --> OT1/LinuxLibertineT-TLF/m/it on input line 338.
LaTeX Font Info:    Overwriting math alphabet `\mathit' in version `bold'
(Font)                  OT1/cmr/bx/it --> OT1/LinuxLibertineT-TLF/m/it on input line 338.
LaTeX Font Info:    Redeclaring math alphabet \mathtt on input line 339.
LaTeX Font Info:    Overwriting math alphabet `\mathtt' in version `normal'
(Font)                  OT1/cmtt/m/n --> OT1/lmtt/m/n on input line 339.
LaTeX Font Info:    Overwriting math alphabet `\mathtt' in version `bold'
(Font)                  OT1/cmtt/m/n --> OT1/lmtt/m/n on input line 339.
LaTeX Font Info:    Redeclaring math alphabet \mathbf on input line 341.
LaTeX Font Info:    Overwriting math alphabet `\mathbf' in version `normal'
(Font)                  OT1/cmr/bx/n --> OT1/LinuxLibertineT-TLF/sb/n on input line 341.
LaTeX Font Info:    Overwriting math alphabet `\mathbf' in version `bold'
(Font)                  OT1/cmr/bx/n --> OT1/LinuxLibertineT-TLF/sb/n on input line 341.
LaTeX Font Info:    Overwriting math alphabet `\mathit' in version `bold'
(Font)                  OT1/LinuxLibertineT-TLF/m/it --> OT1/LinuxLibertineT-TLF/sb/it on input line 342.
LaTeX Font Info:    Overwriting math alphabet `\mathsf' in version `bold'
(Font)                  OT1/LinuxBiolinumT-TLF/m/n --> OT1/LinuxBiolinumT-TLF/b/n on input line 343.
LaTeX Font Info:    Overwriting math alphabet `\mathtt' in version `bold'
(Font)                  OT1/lmtt/m/n --> OT1/lmtt/b/n on input line 344.
LaTeX Font Info:    Redeclaring symbol font `letters' on input line 361.
LaTeX Font Info:    Overwriting symbol font `letters' in version `normal'
(Font)                  OML/cmm/m/it --> OML/nxlmi/m/it on input line 361.
LaTeX Font Info:    Overwriting symbol font `letters' in version `bold'
(Font)                  OML/cmm/b/it --> OML/nxlmi/m/it on input line 361.
LaTeX Font Info:    Overwriting symbol font `letters' in version `bold'
(Font)                  OML/nxlmi/m/it --> OML/nxlmi/b/it on input line 362.
\symlettersA=\mathgroup4
LaTeX Font Info:    Overwriting symbol font `lettersA' in version `bold'
(Font)                  U/ntxmia/m/it --> U/ntxmia/b/it on input line 488.
Now handling font encoding LMS ...
... no UTF-8 mapping file for font encoding LMS
LaTeX Font Info:    Redeclaring symbol font `symbols' on input line 509.
LaTeX Font Info:    Encoding `OMS' has changed to `LMS' for symbol font
(Font)              `symbols' in the math version `normal' on input line 509.
LaTeX Font Info:    Overwriting symbol font `symbols' in version `normal'
(Font)                  OMS/cmsy/m/n --> LMS/ntxsy/m/n on input line 509.
LaTeX Font Info:    Encoding `OMS' has changed to `LMS' for symbol font
(Font)              `symbols' in the math version `bold' on input line 509.
LaTeX Font Info:    Overwriting symbol font `symbols' in version `bold'
(Font)                  OMS/cmsy/b/n --> LMS/ntxsy/m/n on input line 509.
LaTeX Font Info:    Overwriting symbol font `symbols' in version `bold'
(Font)                  LMS/ntxsy/m/n --> LMS/ntxsy/b/n on input line 510.
\symAMSm=\mathgroup5
LaTeX Font Info:    Overwriting symbol font `AMSm' in version `bold'
(Font)                  U/ntxsym/m/n --> U/ntxsym/b/n on input line 533.
\symsymbolsC=\mathgroup6
LaTeX Font Info:    Overwriting symbol font `symbolsC' in version `bold'
(Font)                  U/ntxsyc/m/n --> U/ntxsyc/b/n on input line 554.
Now handling font encoding LMX ...
... no UTF-8 mapping file for font encoding LMX
LaTeX Font Info:    Redeclaring symbol font `largesymbols' on input line 567.
LaTeX Font Info:    Encoding `OMX' has changed to `LMX' for symbol font
(Font)              `largesymbols' in the math version `normal' on input line 567.
LaTeX Font Info:    Overwriting symbol font `largesymbols' in version `normal'
(Font)                  OMX/cmex/m/n --> LMX/ntxexx/m/n on input line 567.
LaTeX Font Info:    Encoding `OMX' has changed to `LMX' for symbol font
(Font)              `largesymbols' in the math version `bold' on input line 567.
LaTeX Font Info:    Overwriting symbol font `largesymbols' in version `bold'
(Font)                  OMX/cmex/m/n --> LMX/ntxexx/m/n on input line 567.
LaTeX Font Info:    Overwriting symbol font `largesymbols' in version `bold'
(Font)                  LMX/ntxexx/m/n --> LMX/ntxexx/b/n on input line 568.
\symlargesymbolsTXA=\mathgroup7
LaTeX Font Info:    Overwriting symbol font `largesymbolsTXA' in version `bold'
(Font)                  U/ntxexa/m/n --> U/ntxexa/b/n on input line 582.
\tx@sbptoks=\toks30
LaTeX Font Info:    Redeclaring math delimiter \lfloor on input line 804.
LaTeX Font Info:    Redeclaring math delimiter \rfloor on input line 805.
LaTeX Font Info:    Redeclaring math delimiter \lceil on input line 806.
LaTeX Font Info:    Redeclaring math delimiter \rceil on input line 807.
LaTeX Font Info:    Redeclaring math delimiter \lbrace on input line 808.
LaTeX Font Info:    Redeclaring math delimiter \rbrace on input line 809.
LaTeX Font Info:    Redeclaring math delimiter \langle on input line 810.
LaTeX Font Info:    Redeclaring math delimiter \rangle on input line 812.
LaTeX Font Info:    Redeclaring math delimiter \arrowvert on input line 816.
LaTeX Font Info:    Redeclaring math delimiter \vert on input line 817.
LaTeX Font Info:    Redeclaring math symbol \hbar on input line 863.
LaTeX Font Info:    Redeclaring math accent \dot on input line 888.
LaTeX Font Info:    Redeclaring math accent \ddot on input line 889.
LaTeX Font Info:    Redeclaring math accent \vec on input line 1952.
\ntx@numstart=\count196
\ntx@UCstart=\count197
\ntx@lcstart=\count198
\ntx@tmpc=\count199
\ntx@imath=\count266
\ntx@jmath=\count267
LaTeX Info: Redefining \Bbbk on input line 2463.
LaTeX Info: Redefining \not on input line 2612.
LaTeX Info: Redefining \textsquare on input line 2642.
LaTeX Info: Redefining \openbox on input line 2644.
) ("C:\Program Files\MiKTeX\tex/latex/base\fontenc.sty"
Package: fontenc 2020/02/11 v2.0o Standard LaTeX package
LaTeX Font Info:    Trying to load font information for T1+LinuxLibertineT-TLF on input line 112.
 ("C:\Program Files\MiKTeX\tex/latex/libertine\t1linuxlibertinet-tlf.fd"
File: T1LinuxLibertineT-TLF.fd 2017/03/20 (autoinst) Font definitions for T1/LinuxLibertineT-TLF.
)
LaTeX Font Info:    Font shape `T1/LinuxLibertineT-TLF/m/n' will be
(Font)              scaled to size 10.0pt on input line 112.
) ("C:\Program Files\MiKTeX\tex/latex/base\inputenc.sty"
Package: inputenc 2018/08/11 v1.3c Input encoding file
\inpenc@prehook=\toks31
\inpenc@posthook=\toks32
 ("C:\Program Files\MiKTeX\tex/latex/base\latin9.def"
File: latin9.def 2018/08/11 v1.3c Input encoding file
)) ("C:\Program Files\MiKTeX\tex/latex/geometry\geometry.sty"
Package: geometry 2020/01/02 v5.9 Page Geometry
 ("C:\Program Files\MiKTeX\tex/generic/iftex\ifvtex.sty"
Package: ifvtex 2019/10/25 v1.7 ifvtex legacy package. Use iftex instead.
)
\Gm@cnth=\count268
\Gm@cntv=\count269
\c@Gm@tempcnt=\count270
\Gm@bindingoffset=\dimen144
\Gm@wd@mp=\dimen145
\Gm@odd@mp=\dimen146
\Gm@even@mp=\dimen147
\Gm@layoutwidth=\dimen148
\Gm@layoutheight=\dimen149
\Gm@layouthoffset=\dimen150
\Gm@layoutvoffset=\dimen151
\Gm@dimlist=\toks33
 ("C:\Program Files\MiKTeX\tex/latex/geometry\geometry.cfg")) ("C:\Program Files\MiKTeX\tex/latex/graphics\color.sty"
Package: color 2019/11/23 v1.2a Standard LaTeX Color (DPC)
 ("C:\Program Files\MiKTeX\tex/latex/graphics-cfg\color.cfg"
File: color.cfg 2016/01/02 v1.6 sample color configuration
)
Package color Info: Driver file: pdftex.def on input line 147.
 ("C:\Program Files\MiKTeX\tex/latex/graphics-def\pdftex.def"
File: pdftex.def 2018/01/08 v1.0l Graphics/color driver for pdftex
)) ("C:\Program Files\MiKTeX\tex/latex/refstyle\refstyle.sty"
Package: refstyle 2010/11/02 v0.5 Reference formatting (DNJ Els)
Package refstyle Info: Config file refstyle.cfg used on input line 322.
 ("C:\Program Files\MiKTeX\tex/latex/refstyle\refstyle.cfg"
File: refstyle.cfg 2010/11/02 0.5 Configuration file for refstyle (DNJ Els)
Package refstyle Info: New reference template \newref{part} on input line 468.
Package refstyle Info: \partkey created on input line 468.
Package refstyle Info: \partlabel created on input line 468.
Package refstyle Info: \partref created on input line 468.
Package refstyle Info: \Partref created on input line 468.
Package refstyle Info: \partrangeref created on input line 468.
Package refstyle Info: \Partrangeref created on input line 468.
Package refstyle Info: \partpageref created on input line 468.
Package refstyle Info: New reference template \newref{chap} on input line 501.
Package refstyle Info: \chapkey created on input line 501.
Package refstyle Info: \chaplabel created on input line 501.
Package refstyle Info: \chapref created on input line 501.
Package refstyle Info: \Chapref created on input line 501.
Package refstyle Info: \chaprangeref created on input line 501.
Package refstyle Info: \Chaprangeref created on input line 501.
Package refstyle Info: \chappageref created on input line 501.
Package refstyle Info: New reference template \newref{sec} on input line 511.
Package refstyle Info: \seckey created on input line 511.
Package refstyle Info: \seclabel created on input line 511.
Package refstyle Info: \secref created on input line 511.
Package refstyle Info: \Secref created on input line 511.
Package refstyle Info: \secrangeref created on input line 511.
Package refstyle Info: \Secrangeref created on input line 511.
Package refstyle Info: \secpageref created on input line 511.
Package refstyle Info: New reference template \newref{eq} on input line 526.
Package refstyle Info: \eqkey created on input line 526.
Package refstyle Info: \eqlabel created on input line 526.
Package refstyle Info: \eqref created on input line 526.
Package refstyle Info: \Eqref created on input line 526.
Package refstyle Info: \eqrangeref created on input line 526.
Package refstyle Info: \Eqrangeref created on input line 526.
Package refstyle Info: \eqpageref created on input line 526.
Package refstyle Info: New reference template \newref{fig} on input line 544.
Package refstyle Info: \figkey created on input line 544.
Package refstyle Info: \figlabel created on input line 544.
Package refstyle Info: \figref created on input line 544.
Package refstyle Info: \Figref created on input line 544.
Package refstyle Info: \figrangeref created on input line 544.
Package refstyle Info: \Figrangeref created on input line 544.
Package refstyle Info: \figpageref created on input line 544.
Package refstyle Info: New reference template \newref{tab} on input line 553.
Package refstyle Info: \tabkey created on input line 553.
Package refstyle Info: \tablabel created on input line 553.
Package refstyle Info: \tabref created on input line 553.
Package refstyle Info: \Tabref created on input line 553.
Package refstyle Info: \tabrangeref created on input line 553.
Package refstyle Info: \Tabrangeref created on input line 553.
Package refstyle Info: \tabpageref created on input line 553.
Package refstyle Info: New reference template \newref{fn} on input line 568.
Package refstyle Info: \fnkey created on input line 568.
Package refstyle Info: \fnlabel created on input line 568.
Package refstyle Info: \fnref created on input line 568.
Package refstyle Info: \Fnref created on input line 568.
Package refstyle Info: \fnrangeref created on input line 568.
Package refstyle Info: \Fnrangeref created on input line 568.
Package refstyle Info: \fnpageref created on input line 568.
)) ("C:\Program Files\MiKTeX\tex/latex/graphics\graphicx.sty"
Package: graphicx 2019/11/30 v1.2a Enhanced LaTeX Graphics (DPC,SPQR)
 ("C:\Program Files\MiKTeX\tex/latex/graphics\graphics.sty"
Package: graphics 2019/11/30 v1.4a Standard LaTeX Graphics (DPC,SPQR)
 ("C:\Program Files\MiKTeX\tex/latex/graphics\trig.sty"
Package: trig 2016/01/03 v1.10 sin cos tan (DPC)
) ("C:\Program Files\MiKTeX\tex/latex/graphics-cfg\graphics.cfg"
File: graphics.cfg 2016/06/04 v1.11 sample graphics configuration
)
Package graphics Info: Driver file: pdftex.def on input line 105.
)
\Gin@req@height=\dimen152
\Gin@req@width=\dimen153
) ("C:\Program Files\MiKTeX\tex/latex/wasysym\wasysym.sty"
Package: wasysym 2020/01/19 v2.4 Wasy-2 symbol support package
\symwasy=\mathgroup8
LaTeX Font Info:    Overwriting symbol font `wasy' in version `bold'
(Font)                  U/wasy/m/n --> U/wasy/b/n on input line 93.
) ("C:\Program Files\MiKTeX\tex/latex/ulem\ulem.sty"
\UL@box=\box47
\UL@hyphenbox=\box48
\UL@skip=\skip57
\UL@hook=\toks34
\UL@height=\dimen154
\UL@pe=\count271
\UL@pixel=\dimen155
\ULC@box=\box49
Package: ulem 2019/11/18
\ULdepth=\dimen156
) ("C:\Program Files\MiKTeX\tex/latex/tools\tabularx.sty"
Package: tabularx 2020/01/15 v2.11c `tabularx' package (DPC)
 ("C:\Program Files\MiKTeX\tex/latex/tools\array.sty"
Package: array 2019/08/31 v2.4l Tabular extension package (FMi)
\col@sep=\dimen157
\ar@mcellbox=\box50
\extrarowheight=\dimen158
\NC@list=\toks35
\extratabsurround=\skip58
\backup@length=\skip59
\ar@cellbox=\box51
)
\TX@col@width=\dimen159
\TX@old@table=\dimen160
\TX@old@col=\dimen161
\TX@target=\dimen162
\TX@delta=\dimen163
\TX@cols=\count272
\TX@ftn=\toks36
) ("C:\Program Files\MiKTeX\tex/latex/xcolor\xcolor.sty"
Package: xcolor 2016/05/11 v2.12 LaTeX color extensions (UK)
 ("C:\Program Files\MiKTeX\tex/latex/graphics-cfg\color.cfg"
File: color.cfg 2016/01/02 v1.6 sample color configuration
)
Package xcolor Info: Driver file: pdftex.def on input line 225.
 ("C:\Program Files\MiKTeX\tex/latex/colortbl\colortbl.sty"
Package: colortbl 2020/01/04 v1.0e Color table columns (DPC)
\everycr=\toks37
\minrowclearance=\skip60
)
LaTeX Info: Redefining \color on input line 709.
\rownum=\count273
Package xcolor Info: Model `cmy' substituted by `cmy0' on input line 1348.
Package xcolor Info: Model `hsb' substituted by `rgb' on input line 1352.
Package xcolor Info: Model `RGB' extended on input line 1364.
Package xcolor Info: Model `HTML' substituted by `rgb' on input line 1366.
Package xcolor Info: Model `Hsb' substituted by `hsb' on input line 1367.
Package xcolor Info: Model `tHsb' substituted by `hsb' on input line 1368.
Package xcolor Info: Model `HSB' substituted by `hsb' on input line 1369.
Package xcolor Info: Model `Gray' substituted by `gray' on input line 1370.
Package xcolor Info: Model `wave' substituted by `hsb' on input line 1371.
 ("C:\Program Files\MiKTeX\tex/latex/graphics\dvipsnam.def"
File: dvipsnam.def 2016/06/17 v3.0m Driver-dependent file (DPC,SPQR)
))
\c@protocol=\count274
 ("C:\Program Files\MiKTeX\tex/latex/ieeetrantools\IEEEtrantools.sty"
Package: IEEEtrantools 2015/08/26 V1.5 by Michael Shell

-- See the "IEEEtrantools_doc.txt" manual for usage information.
-- http://www.michaelshell.org/tex/ieeetran/tools/
\@IEEEtrantmpdimenA=\dimen164
\@IEEEtrantmpdimenB=\dimen165
\@IEEEtrantmpdimenC=\dimen166
\@IEEEtrantmpcountA=\count275
\@IEEEtrantmpcountB=\count276
\@IEEEtrantmpcountC=\count277
\@IEEEtrantmptoksA=\toks38
\IEEEnormaljot=\dimen167
\IEEEquantizedlength=\dimen168
\IEEEquantizedlengthdiff=\dimen169
\IEEEquantizedtextheightdiff=\dimen170
\IEEEilabelindentA=\dimen171
\IEEEilabelindentB=\dimen172
\IEEEilabelindent=\dimen173
\IEEEelabelindent=\dimen174
\IEEEdlabelindent=\dimen175
\IEEElabelindent=\dimen176
\IEEEiednormlabelsep=\dimen177
\IEEEiedmathlabelsep=\dimen178
\IEEEiedtopsep=\skip61
\c@IEEEsubequation=\count278
\@IEEEeqnnumcols=\count279
\@IEEEeqncolcnt=\count280
\@IEEEsubeqnnumrollback=\count281
\IEEEPARstartletwidth=\dimen179
) ("C:\Program Files\MiKTeX\tex/latex/braket\braket.sty")
Package refstyle Info: New reference template \newref{subsec} on input line 201.
Package refstyle Info: \subseckey created on input line 201.
Package refstyle Info: \subseclabel created on input line 201.
Package refstyle Info: \subsecref created on input line 201.
Package refstyle Info: \Subsecref created on input line 201.
Package refstyle Info: \subsecrangeref created on input line 201.
Package refstyle Info: \Subsecrangeref created on input line 201.
Package refstyle Info: \subsecpageref created on input line 201.
Package refstyle Info: New reference template \newref{thm} on input line 204.
Package refstyle Info: \thmkey created on input line 204.
Package refstyle Info: \thmlabel created on input line 204.
Package refstyle Info: \thmref created on input line 204.
Package refstyle Info: \Thmref created on input line 204.
Package refstyle Info: \thmrangeref created on input line 204.
Package refstyle Info: \Thmrangeref created on input line 204.
Package refstyle Info: \thmpageref created on input line 204.
Package refstyle Info: New reference template \newref{lem} on input line 207.
Package refstyle Info: \lemkey created on input line 207.
Package refstyle Info: \lemlabel created on input line 207.
Package refstyle Info: \lemref created on input line 207.
Package refstyle Info: \Lemref created on input line 207.
Package refstyle Info: \lemrangeref created on input line 207.
Package refstyle Info: \Lemrangeref created on input line 207.
Package refstyle Info: \lempageref created on input line 207.
\c@thm=\count282
 ("C:\Program Files\MiKTeX\tex/latex/hyperref\hyperref.sty"
Package: hyperref 2020-05-15 v7.00e Hypertext links for LaTeX
 ("C:\Program Files\MiKTeX\tex/generic/ltxcmds\ltxcmds.sty"
Package: ltxcmds 2019/12/15 v1.24 LaTeX kernel commands for general use (HO)
) ("C:\Program Files\MiKTeX\tex/generic/pdftexcmds\pdftexcmds.sty"
Package: pdftexcmds 2020-06-27 v0.33 Utility functions of pdfTeX for LuaTeX (HO)
 ("C:\Program Files\MiKTeX\tex/generic/infwarerr\infwarerr.sty"
Package: infwarerr 2019/12/03 v1.5 Providing info/warning/error messages (HO)
)
Package pdftexcmds Info: \pdf@primitive is available.
Package pdftexcmds Info: \pdf@ifprimitive is available.
Package pdftexcmds Info: \pdfdraftmode found.
) ("C:\Program Files\MiKTeX\tex/generic/kvsetkeys\kvsetkeys.sty"
Package: kvsetkeys 2019/12/15 v1.18 Key value parser (HO)
) ("C:\Program Files\MiKTeX\tex/generic/kvdefinekeys\kvdefinekeys.sty"
Package: kvdefinekeys 2019-12-19 v1.6 Define keys (HO)
) ("C:\Program Files\MiKTeX\tex/generic/pdfescape\pdfescape.sty"
Package: pdfescape 2019/12/09 v1.15 Implements pdfTeX's escape features (HO)
) ("C:\Program Files\MiKTeX\tex/latex/hycolor\hycolor.sty"
Package: hycolor 2020-01-27 v1.10 Color options for hyperref/bookmark (HO)
) ("C:\Program Files\MiKTeX\tex/latex/letltxmacro\letltxmacro.sty"
Package: letltxmacro 2019/12/03 v1.6 Let assignment for LaTeX macros (HO)
) ("C:\Program Files\MiKTeX\tex/latex/auxhook\auxhook.sty"
Package: auxhook 2019-12-17 v1.6 Hooks for auxiliary files (HO)
) ("C:\Program Files\MiKTeX\tex/latex/kvoptions\kvoptions.sty"
Package: kvoptions 2019/11/29 v3.13 Key value format for package options (HO)
)
\@linkdim=\dimen180
\Hy@linkcounter=\count283
\Hy@pagecounter=\count284
 ("C:\Program Files\MiKTeX\tex/latex/hyperref\pd1enc.def"
File: pd1enc.def 2020-05-15 v7.00e Hyperref: PDFDocEncoding definition (HO)
Now handling font encoding PD1 ...
... no UTF-8 mapping file for font encoding PD1
) ("C:\Program Files\MiKTeX\tex/generic/intcalc\intcalc.sty"
Package: intcalc 2019/12/15 v1.3 Expandable calculations with integers (HO)
) ("C:\Program Files\MiKTeX\tex/generic/etexcmds\etexcmds.sty"
Package: etexcmds 2019/12/15 v1.7 Avoid name clashes with e-TeX commands (HO)
)
\Hy@SavedSpaceFactor=\count285
Package hyperref Info: Hyper figures OFF on input line 4464.
Package hyperref Info: Link nesting OFF on input line 4469.
Package hyperref Info: Hyper index ON on input line 4472.
Package hyperref Info: Plain pages OFF on input line 4479.
Package hyperref Info: Backreferencing OFF on input line 4484.
Package hyperref Info: Implicit mode ON; LaTeX internals redefined.
Package hyperref Info: Bookmarks ON on input line 4717.
\c@Hy@tempcnt=\count286
 ("C:\Program Files\MiKTeX\tex/latex/url\url.sty"
\Urlmuskip=\muskip17
Package: url 2013/09/16  ver 3.4  Verb mode for urls, etc.
)
LaTeX Info: Redefining \url on input line 5076.
\XeTeXLinkMargin=\dimen181
 ("C:\Program Files\MiKTeX\tex/generic/bitset\bitset.sty"
Package: bitset 2019/12/09 v1.3 Handle bit-vector datatype (HO)
 ("C:\Program Files\MiKTeX\tex/generic/bigintcalc\bigintcalc.sty"
Package: bigintcalc 2019/12/15 v1.5 Expandable calculations on big integers (HO)
))
\Fld@menulength=\count287
\Field@Width=\dimen182
\Fld@charsize=\dimen183
Package hyperref Info: Hyper figures OFF on input line 6347.
Package hyperref Info: Link nesting OFF on input line 6352.
Package hyperref Info: Hyper index ON on input line 6355.
Package hyperref Info: backreferencing OFF on input line 6362.
Package hyperref Info: Link coloring OFF on input line 6367.
Package hyperref Info: Link coloring with OCG OFF on input line 6372.
Package hyperref Info: PDF/A mode OFF on input line 6377.
LaTeX Info: Redefining \ref on input line 6417.
LaTeX Info: Redefining \pageref on input line 6421.
 ("C:\Program Files\MiKTeX\tex/generic/atbegshi\atbegshi.sty"
Package: atbegshi 2019/12/05 v1.19 At begin shipout hook (HO)
)
\Hy@abspage=\count288
\c@Item=\count289
\c@Hfootnote=\count290
)
Package hyperref Info: Driver (autodetected): hpdftex.
 ("C:\Program Files\MiKTeX\tex/latex/hyperref\hpdftex.def"
File: hpdftex.def 2020-05-15 v7.00e Hyperref driver for pdfTeX
 ("C:\Program Files\MiKTeX\tex/latex/atveryend\atveryend.sty"
Package: atveryend 2019-12-11 v1.11 Hooks at the very end of document (HO)
)
\Fld@listcount=\count291
\c@bookmark@seq@number=\count292
 ("C:\Program Files\MiKTeX\tex/latex/rerunfilecheck\rerunfilecheck.sty"
Package: rerunfilecheck 2019/12/05 v1.9 Rerun checks for auxiliary files (HO)
 ("C:\Program Files\MiKTeX\tex/generic/uniquecounter\uniquecounter.sty"
Package: uniquecounter 2019/12/15 v1.4 Provide unlimited unique counter (HO)
)
Package uniquecounter Info: New unique counter `rerunfilecheck' on input line 286.
)
\Hy@SectionHShift=\skip62
)
Package hyperref Info: Option `colorlinks' set `true' on input line 242.
Package refstyle Info: Reference template \newref{thm} redefined on input line 246.
Package refstyle Info: \thmkey created on input line 246.
Package refstyle Info: \thmlabel created on input line 246.
Package refstyle Info: \thmref created on input line 246.
Package refstyle Info: \Thmref created on input line 246.
Package refstyle Info: \thmrangeref created on input line 246.
Package refstyle Info: \Thmrangeref created on input line 246.
Package refstyle Info: \thmpageref created on input line 246.
Package refstyle Info: New reference template \newref{def} on input line 247.
Package refstyle Info: \defkey created on input line 247.
Package refstyle Info: \deflabel created on input line 247.
Package refstyle Info: \defref created on input line 247.
Package refstyle Info: \Defref created on input line 247.
Package refstyle Info: \defrangeref created on input line 247.
Package refstyle Info: \Defrangeref created on input line 247.
Package refstyle Info: \defpageref created on input line 247.
Package refstyle Info: New reference template \newref{alg} on input line 248.
Package refstyle Info: \algkey created on input line 248.
Package refstyle Info: \alglabel created on input line 248.
Package refstyle Info: \algref created on input line 248.
Package refstyle Info: \Algref created on input line 248.
Package refstyle Info: \algrangeref created on input line 248.
Package refstyle Info: \Algrangeref created on input line 248.
Package refstyle Info: \algpageref created on input line 248.
Package refstyle Info: New reference template \newref{cor} on input line 249.
Package refstyle Info: \corkey created on input line 249.
Package refstyle Info: \corlabel created on input line 249.
Package refstyle Info: \corref created on input line 249.
Package refstyle Info: \Corref created on input line 249.
Package refstyle Info: \corrangeref created on input line 249.
Package refstyle Info: \Corrangeref created on input line 249.
Package refstyle Info: \corpageref created on input line 249.
Package refstyle Info: Reference template \newref{lem} redefined on input line 250.
Package refstyle Info: \lemkey created on input line 250.
Package refstyle Info: \lemlabel created on input line 250.
Package refstyle Info: \lemref created on input line 250.
Package refstyle Info: \Lemref created on input line 250.
Package refstyle Info: \lemrangeref created on input line 250.
Package refstyle Info: \Lemrangeref created on input line 250.
Package refstyle Info: \lempageref created on input line 250.
Package refstyle Info: New reference template \newref{claim} on input line 251.
Package refstyle Info: \claimkey created on input line 251.
Package refstyle Info: \claimlabel created on input line 251.
Package refstyle Info: \claimref created on input line 251.
Package refstyle Info: \Claimref created on input line 251.
Package refstyle Info: \claimrangeref created on input line 251.
Package refstyle Info: \Claimrangeref created on input line 251.
Package refstyle Info: \claimpageref created on input line 251.
Package refstyle Info: Reference template \newref{sec} redefined on input line 252.
Package refstyle Info: \seckey created on input line 252.
Package refstyle Info: \seclabel created on input line 252.
Package refstyle Info: \secref created on input line 252.
Package refstyle Info: \Secref created on input line 252.
Package refstyle Info: \secrangeref created on input line 252.
Package refstyle Info: \Secrangeref created on input line 252.
Package refstyle Info: \secpageref created on input line 252.
Package refstyle Info: Reference template \newref{subsec} redefined on input line 253.
Package refstyle Info: \subseckey created on input line 253.
Package refstyle Info: \subseclabel created on input line 253.
Package refstyle Info: \subsecref created on input line 253.
Package refstyle Info: \Subsecref created on input line 253.
Package refstyle Info: \subsecrangeref created on input line 253.
Package refstyle Info: \Subsecrangeref created on input line 253.
Package refstyle Info: \subsecpageref created on input line 253.
Package refstyle Info: New reference template \newref{subsubsec} on input line 254.
Package refstyle Info: \subsubseckey created on input line 254.
Package refstyle Info: \subsubseclabel created on input line 254.
Package refstyle Info: \subsubsecref created on input line 254.
Package refstyle Info: \Subsubsecref created on input line 254.
Package refstyle Info: \subsubsecrangeref created on input line 254.
Package refstyle Info: \Subsubsecrangeref created on input line 254.
Package refstyle Info: \subsubsecpageref created on input line 254.
Package refstyle Info: New reference template \newref{prop} on input line 255.
Package refstyle Info: \propkey created on input line 255.
Package refstyle Info: \proplabel created on input line 255.
Package refstyle Info: \propref created on input line 255.
Package refstyle Info: \Propref created on input line 255.
Package refstyle Info: \proprangeref created on input line 255.
Package refstyle Info: \Proprangeref created on input line 255.
Package refstyle Info: \proppageref created on input line 255.
Package refstyle Info: New reference template \newref{assu} on input line 257.
Package refstyle Info: \assukey created on input line 257.
Package refstyle Info: \assulabel created on input line 257.
Package refstyle Info: \assuref created on input line 257.
Package refstyle Info: \Assuref created on input line 257.
Package refstyle Info: \assurangeref created on input line 257.
Package refstyle Info: \Assurangeref created on input line 257.
Package refstyle Info: \assupageref created on input line 257.
Package refstyle Info: New reference template \newref{fact} on input line 260.
Package refstyle Info: \factkey created on input line 260.
Package refstyle Info: \factlabel created on input line 260.
Package refstyle Info: \factref created on input line 260.
Package refstyle Info: \Factref created on input line 260.
Package refstyle Info: \factrangeref created on input line 260.
Package refstyle Info: \Factrangeref created on input line 260.
Package refstyle Info: \factpageref created on input line 260.
 ("C:\Program Files\MiKTeX\tex/generic/babel\babel.sty"
Package: babel 2020/07/13 3.47 The Babel package
 ("C:\Program Files\MiKTeX\tex/generic/babel\babel.def"
File: babel.def 2020/07/13 3.47 Babel common definitions
\babel@savecnt=\count293
\U@D=\dimen184
\l@babelnohyphens=\language79
 ("C:\Program Files\MiKTeX\tex/generic/babel\txtbabel.def")
\bbl@readstream=\read3
)
\bbl@dirlevel=\count294

*************************************
* Local config file bblopts.cfg used
*
("C:\Program Files\MiKTeX\tex/latex/arabi\bblopts.cfg"
File: bblopts.cfg 2005/09/08 v0.1 add Arabic and Farsi to "declared" options of babel
) ("C:\Program Files\MiKTeX\tex/latex/babel-english\british.ldf"
Language: british 2017/06/06 v3.3r English support from the babel system
 ("C:\Program Files\MiKTeX\tex/latex/babel-english\english.ldf"
Language: english 2017/06/06 v3.3r English support from the babel system
Package babel Info: \l@canadian = using hyphenrules for english
(babel)             (\language0) on input line 102.
Package babel Info: \l@australian = using hyphenrules for ukenglish
(babel)             (\language73) on input line 105.
Package babel Info: \l@newzealand = using hyphenrules for ukenglish
(babel)             (\language73) on input line 108.
))) ("C:\Program Files\MiKTeX\tex/latex/l3backend\l3backend-pdfmode.def"
File: l3backend-pdfmode.def 2020-06-29 L3 backend support: PDF mode
\l__kernel_color_stack_int=\count295
\l__pdf_internal_box=\box52
) (DI_WCF_draft2.aux

LaTeX Warning: Label `contint' multiply defined.

)
\openout1 = `DI_WCF_draft2.aux'.

LaTeX Font Info:    Checking defaults for OML/nxlmi/m/it on input line 277.
LaTeX Font Info:    Trying to load font information for OML+nxlmi on input line 277.
 ("C:\Program Files\MiKTeX\tex/latex/newtx\omlnxlmi.fd"
File: omlnxlmi.fd 2013/11/19 Fontinst v1.933 font definitions for OML/nxlmi.
)
LaTeX Font Info:    ... okay on input line 277.
LaTeX Font Info:    Checking defaults for OMS/cmsy/m/n on input line 277.
LaTeX Font Info:    ... okay on input line 277.
LaTeX Font Info:    Checking defaults for OT1/cmr/m/n on input line 277.
LaTeX Font Info:    ... okay on input line 277.
LaTeX Font Info:    Checking defaults for T1/cmr/m/n on input line 277.
LaTeX Font Info:    ... okay on input line 277.
LaTeX Font Info:    Checking defaults for TS1/cmr/m/n on input line 277.
LaTeX Font Info:    ... okay on input line 277.
LaTeX Font Info:    Checking defaults for OMX/cmex/m/n on input line 277.
LaTeX Font Info:    ... okay on input line 277.
LaTeX Font Info:    Checking defaults for U/ntxexa/m/n on input line 277.
LaTeX Font Info:    Trying to load font information for U+ntxexa on input line 277.
 ("C:\Program Files\MiKTeX\tex/latex/newtx\untxexa.fd"
File: untxexa.fd 2012/04/16 Fontinst v1.933 font definitions for U/ntxexa.
)
LaTeX Font Info:    ... okay on input line 277.
LaTeX Font Info:    Checking defaults for LMS/ntxsy/m/n on input line 277.
LaTeX Font Info:    Trying to load font information for LMS+ntxsy on input line 277.
 ("C:\Program Files\MiKTeX\tex/latex/newtx\lmsntxsy.fd"
File: lmsntxsy.fd 2016/07/02 Fontinst v1.933 font definitions for LMS/ntxsy.
)
LaTeX Font Info:    ... okay on input line 277.
LaTeX Font Info:    Checking defaults for LMX/ntxexx/m/n on input line 277.
LaTeX Font Info:    Trying to load font information for LMX+ntxexx on input line 277.
 ("C:\Program Files\MiKTeX\tex/latex/newtx\lmxntxexx.fd"
File: lmxntxexx.fd 2016/07/03 Fontinst v1.933 font definitions for LMX/ntxexx.
)
LaTeX Font Info:    ... okay on input line 277.
LaTeX Font Info:    Checking defaults for PD1/pdf/m/n on input line 277.
LaTeX Font Info:    ... okay on input line 277.
\c@mv@tabular=\count296
\c@mv@boldtabular=\count297

*geometry* driver: auto-detecting
*geometry* detected driver: pdftex

Package geometry Warning: The marginal notes overrun the paper.
     Add 3.73001pt and more to the right margin.

*geometry* verbose mode - [ preamble ] result:
* driver: pdftex
* paper: <default>
* layout: <same size as paper>
* layoutoffset:(h,v)=(0.0pt,0.0pt)
* modes: 
* h-part:(L,W,R)=(72.26999pt, 469.75502pt, 72.26999pt)
* v-part:(T,H,B)=(72.26999pt, 650.43001pt, 72.26999pt)
* \paperwidth=614.295pt
* \paperheight=794.96999pt
* \textwidth=469.75502pt
* \textheight=650.43001pt
* \oddsidemargin=0.0pt
* \evensidemargin=0.0pt
* \topmargin=-144.53998pt
* \headheight=72.26999pt
* \headsep=72.26999pt
* \topskip=10.0pt
* \footskip=50.58878pt
* \marginparwidth=65.0pt
* \marginparsep=11.0pt
* \columnsep=10.0pt
* \skip\footins=9.0pt plus 4.0pt minus 2.0pt
* \hoffset=0.0pt
* \voffset=0.0pt
* \mag=1000
* \@twocolumnfalse
* \@twosidefalse
* \@mparswitchfalse
* \@reversemarginfalse
* (1in=72.27pt=25.4mm, 1cm=28.453pt)

("C:\Program Files\MiKTeX\tex/context/base/mkii\supp-pdf.mkii"
[Loading MPS to PDF converter (version 2006.09.02).]
\scratchcounter=\count298
\scratchdimen=\dimen185
\scratchbox=\box53
\nofMPsegments=\count299
\nofMParguments=\count300
\everyMPshowfont=\toks39
\MPscratchCnt=\count301
\MPscratchDim=\dimen186
\MPnumerator=\count302
\makeMPintoPDFobject=\count303
\everyMPtoPDFconversion=\toks40
) ("C:\Program Files\MiKTeX\tex/latex/epstopdf-pkg\epstopdf-base.sty"
Package: epstopdf-base 2020-01-24 v2.11 Base part for package epstopdf
Package epstopdf-base Info: Redefining graphics rule for `.eps' on input line 485.
)
\AtBeginShipoutBox=\box54
Package hyperref Info: Link coloring ON on input line 277.
 ("C:\Program Files\MiKTeX\tex/latex/hyperref\nameref.sty"
Package: nameref 2019/09/16 v2.46 Cross-referencing by name of section
 ("C:\Program Files\MiKTeX\tex/latex/refcount\refcount.sty"
Package: refcount 2019/12/15 v3.6 Data extraction from label references (HO)
) ("C:\Program Files\MiKTeX\tex/generic/gettitlestring\gettitlestring.sty"
Package: gettitlestring 2019/12/15 v1.6 Cleanup title references (HO)
)
\c@section@level=\count304
)
LaTeX Info: Redefining \ref on input line 277.
LaTeX Info: Redefining \pageref on input line 277.
LaTeX Info: Redefining \nameref on input line 277.
 (DI_WCF_draft2.out) (DI_WCF_draft2.out)
\@outlinefile=\write3
\openout3 = `DI_WCF_draft2.out'.

LaTeX Font Info:    Font shape `T1/LinuxLibertineT-TLF/m/n' will be
(Font)              scaled to size 17.28pt on input line 292.
LaTeX Font Info:    Font shape `T1/LinuxLibertineT-TLF/m/n' will be
(Font)              scaled to size 12.0pt on input line 292.
LaTeX Font Info:    Font shape `OT1/LinuxLibertineT-TLF/m/n' will be
(Font)              scaled to size 12.0pt on input line 292.
LaTeX Font Info:    Font shape `OT1/LinuxLibertineT-TLF/m/n' will be
(Font)              scaled to size 8.8pt on input line 292.
LaTeX Font Info:    Font shape `OT1/LinuxLibertineT-TLF/m/n' will be
(Font)              scaled to size 6.6pt on input line 292.
LaTeX Font Info:    Trying to load font information for U+ntxmia on input line 292.
 ("C:\Program Files\MiKTeX\tex/latex/newtx\untxmia.fd"
File: untxmia.fd 2018/04/14 Fontinst v1.933 font definitions for U/ntxmia.
)
LaTeX Font Info:    Trying to load font information for U+ntxsym on input line 292.
 ("C:\Program Files\MiKTeX\tex/latex/newtx\untxsym.fd"
File: untxsym.fd 2015/03/20 Fontinst v1.933 font definitions for U/ntxsym.
)
LaTeX Font Info:    Trying to load font information for U+ntxsyc on input line 292.
 ("C:\Program Files\MiKTeX\tex/latex/newtx\untxsyc.fd"
File: untxsyc.fd 2012/04/12 Fontinst v1.933 font definitions for U/ntxsyc.
)
LaTeX Font Info:    Trying to load font information for U+wasy on input line 292.
 ("C:\Program Files\MiKTeX\tex/latex/wasysym\uwasy.fd"
File: uwasy.fd 2020/01/19 v2.4 Wasy-2 symbol font definitions
)
LaTeX Font Info:    Font shape `T1/LinuxLibertineT-TLF/m/n' will be
(Font)              scaled to size 8.8pt on input line 292.
LaTeX Font Info:    Font shape `T1/LinuxLibertineT-TLF/m/it' will be
(Font)              scaled to size 12.0pt on input line 292.
LaTeX Font Info:    Font shape `T1/LinuxLibertineT-TLF/m/it' will be
(Font)              scaled to size 9.0pt on input line 292.
LaTeX Font Info:    Font shape `OT1/LinuxLibertineT-TLF/m/n' will be
(Font)              scaled to size 9.0pt on input line 292.
LaTeX Font Info:    Font shape `OT1/LinuxLibertineT-TLF/m/n' will be
(Font)              scaled to size 7.3pt on input line 292.
LaTeX Font Info:    Font shape `OT1/LinuxLibertineT-TLF/m/n' will be
(Font)              scaled to size 5.5pt on input line 292.


LaTeX Font Warning: Font shape `U/wasy/m/n' in size <5.5> not available
(Font)              size <5> substituted on input line 292.

LaTeX Font Info:    Font shape `T1/LinuxLibertineT-TLF/m/it' will be
(Font)              scaled to size 7.3pt on input line 292.
LaTeX Font Info:    Font shape `T1/LinuxLibertineT-TLF/m/n' will be
(Font)              scaled to size 7.3pt on input line 292.
LaTeX Font Info:    Font shape `T1/LinuxLibertineT-TLF/m/n' will be
(Font)              scaled to size 9.0pt on input line 292.
LaTeX Font Info:    Font shape `T1/LinuxLibertineT-TLF/b/n' will be
(Font)              scaled to size 9.0pt on input line 292.
LaTeX Font Info:    Font shape `T1/LinuxLibertineT-TLF/m/n' will be
(Font)              scaled to size 14.4pt on input line 324.
LaTeX Font Info:    Font shape `T1/LinuxLibertineT-TLF/b/n' will be
(Font)              scaled to size 14.4pt on input line 324.
(DI_WCF_draft2.toc
LaTeX Font Info:    Font shape `T1/LinuxLibertineT-TLF/b/n' will be
(Font)              scaled to size 10.0pt on input line 2.
 [1

{C:/Users/atuls/AppData/Local/MiKTeX/pdftex/config/pdftex.map}])
\tf@toc=\write4
\openout4 = `DI_WCF_draft2.toc'.

LaTeX Font Info:    Font shape `T1/LinuxLibertineT-TLF/m/it' will be
(Font)              scaled to size 10.0pt on input line 330.
 [2]
Underfull \hbox (badness 10000) in paragraph at lines 414--415

 []

LaTeX Font Info:    Font shape `T1/LinuxLibertineT-TLF/b/n' will be
(Font)              scaled to size 12.0pt on input line 419.
LaTeX Font Info:    Font shape `T1/LinuxLibertineT-TLF/b/it' will be
(Font)              scaled to size 10.0pt on input line 427.

Underfull \hbox (badness 10000) in paragraph at lines 427--428

 []

[3]
LaTeX Font Info:    Font shape `T1/LinuxLibertineT-TLF/m/it' will be
(Font)              scaled to size 5.5pt on input line 510.
 [4] [5]
Underfull \hbox (badness 10000) in alignment at lines 610--610
[][]
 []

LaTeX Font Info:    Font shape `T1/LinuxLibertineT-TLF/m/n' will be
(Font)              scaled to size 8.0pt on input line 627.
LaTeX Font Info:    Font shape `OT1/LinuxLibertineT-TLF/m/n' will be
(Font)              scaled to size 8.0pt on input line 627.
LaTeX Font Info:    Font shape `OT1/LinuxLibertineT-TLF/m/n' will be
(Font)              scaled to size 6.2pt on input line 627.
LaTeX Font Info:    Font shape `T1/LinuxLibertineT-TLF/m/n' will be
(Font)              scaled to size 6.2pt on input line 627.

LaTeX Warning: Reference `alg:SCForiginal' on page 6 undefined on input line 718.

[6]
LaTeX Font Info:    Trying to load font information for TS1+LinuxLibertineT-TLF on input line 746.
 ("C:\Program Files\MiKTeX\tex/latex/libertine\ts1linuxlibertinet-tlf.fd"
File: TS1LinuxLibertineT-TLF.fd 2017/03/20 (autoinst) Font definitions for TS1/LinuxLibertineT-TLF.
)
LaTeX Font Info:    Font shape `TS1/LinuxLibertineT-TLF/m/n' will be
(Font)              scaled to size 10.0pt on input line 746.


LaTeX Warning: Reference `lem:AliceSelfTestsHerBoxes' on page 7 undefined on input line 747.

[7]
LaTeX Font Info:    Font shape `T1/LinuxLibertineT-TLF/m/n' will be
(Font)              scaled to size 5.5pt on input line 855.
 [8]

Package hyperref Warning: Token not allowed in a PDF string (PDFDocEncoding):
(hyperref)                removing `\let' on input line 949.


Package hyperref Warning: Token not allowed in a PDF string (PDFDocEncoding):
(hyperref)                removing `\new@ifnextchar' on input line 949.

[9]

Package hyperref Warning: Token not allowed in a PDF string (PDFDocEncoding):
(hyperref)                removing `math shift' on input line 1124.


Package hyperref Warning: Token not allowed in a PDF string (PDFDocEncoding):
(hyperref)                removing `math shift' on input line 1124.


Overfull \hbox (7.55952pt too wide) in paragraph at lines 1183--1194
[][]\T1/LinuxLibertineT-TLF/b/n/10 Lemma 17. []\T1/LinuxLibertineT-TLF/m/it/10 Let $\LMS/ntxsy/m/n/10 P$ \T1/LinuxLibertineT-TLF/m/it/10 de-note the pro-tocol cor-res-pond-ing to Pro-tocol [][]4[][]. Then Alice's cheat-ing prob-ab-il-ity $\OML/nxlmi/m/it/10 p[]\LMS/ntxsy/m/n/10 πP∫  [][]π\OML/nxlmi/m/it/10 \LMS/ntxsy/m/n/10 ù\OT1/LinuxLibertineT-TLF/m/n/10 8\LMS/ntxsy/m/n/10 ∫ 
 []


LaTeX Warning: Reference `subsubsec:SDP-when-Alice' on page 10 undefined on input line 1196.


Package hyperref Warning: Token not allowed in a PDF string (PDFDocEncoding):
(hyperref)                removing `math shift' on input line 1200.


Package hyperref Warning: Token not allowed in a PDF string (PDFDocEncoding):
(hyperref)                removing `math shift' on input line 1200.

[10]

LaTeX Warning: Reference `alg:SCForiginal' on page 11 undefined on input line 1245.

[11]

Package hyperref Warning: Token not allowed in a PDF string (PDFDocEncoding):
(hyperref)                removing `math shift' on input line 1355.


Package hyperref Warning: Token not allowed in a PDF string (PDFDocEncoding):
(hyperref)                removing `superscript' on input line 1355.


Package hyperref Warning: Token not allowed in a PDF string (PDFDocEncoding):
(hyperref)                removing `math shift' on input line 1355.


LaTeX Warning: Reference `fig:Standard-composition-technique' on page 12 undefined on input line 1418.

[12]
<figures/composition_1.pdf, id=365, 201.75375pt x 102.3825pt>
File: figures/composition_1.pdf Graphic file (type pdf)
<use figures/composition_1.pdf>
Package pdftex.def Info: figures/composition_1.pdf  used on input line 1418.
(pdftex.def)             Requested size: 201.75325pt x 102.38225pt.


Package hyperref Warning: Token not allowed in a PDF string (PDFDocEncoding):
(hyperref)                removing `math shift' on input line 1425.


Package hyperref Warning: Token not allowed in a PDF string (PDFDocEncoding):
(hyperref)                removing `superscript' on input line 1425.


Package hyperref Warning: Token not allowed in a PDF string (PDFDocEncoding):
(hyperref)                removing `\perp' on input line 1425.


Package hyperref Warning: Token not allowed in a PDF string (PDFDocEncoding):
(hyperref)                removing `superscript' on input line 1425.


Package hyperref Warning: Token not allowed in a PDF string (PDFDocEncoding):
(hyperref)                removing `\perp' on input line 1425.


Package hyperref Warning: Token not allowed in a PDF string (PDFDocEncoding):
(hyperref)                removing `math shift' on input line 1425.

[13 <./figures/composition_1.pdf>]
<figures/composition_2.pdf, id=381, 190.7125pt x 102.3825pt>
File: figures/composition_2.pdf Graphic file (type pdf)
<use figures/composition_2.pdf>
Package pdftex.def Info: figures/composition_2.pdf  used on input line 1478.
(pdftex.def)             Requested size: 190.71202pt x 102.38225pt.
 [14 <./figures/composition_2.pdf>] [15] [16]

LaTeX Warning: Reference `alg:SCForiginal' on page 17 undefined on input line 1790.

[17]
LaTeX Font Info:    Font shape `OT1/LinuxLibertineT-TLF/m/n' will be
(Font)              scaled to size 14.4pt on input line 1792.
LaTeX Font Info:    Font shape `OT1/LinuxLibertineT-TLF/m/n' will be
(Font)              scaled to size 10.5pt on input line 1792.
LaTeX Font Info:    Font shape `OT1/LinuxLibertineT-TLF/m/n' will be
(Font)              scaled to size 7.9pt on input line 1792.


LaTeX Font Warning: Font shape `U/wasy/m/n' in size <10.5> not available
(Font)              size <10.95> substituted on input line 1792.


Package hyperref Warning: Token not allowed in a PDF string (PDFDocEncoding):
(hyperref)                removing `math shift' on input line 1792.


Package hyperref Warning: Token not allowed in a PDF string (PDFDocEncoding):
(hyperref)                removing `math shift' on input line 1792.

[18] [19] [20] [21] (DI_WCF_draft2.bbl)
Package atveryend Info: Empty hook `BeforeClearDocument' on input line 1996.
 [22

]
Package atveryend Info: Empty hook `AfterLastShipout' on input line 1996.
 (DI_WCF_draft2.aux)
Package atveryend Info: Executing hook `AtVeryEndDocument' on input line 1996.
Package atveryend Info: Executing hook `AtEndAfterFileList' on input line 1996.
Package rerunfilecheck Info: File `DI_WCF_draft2.out' has not changed.
(rerunfilecheck)             Checksum: 9FF0BA0AADED16D739496E31887D878A;1844.


LaTeX Font Warning: Size substitutions with differences
(Font)              up to 1.97499pt have occurred.


LaTeX Warning: There were undefined references.


LaTeX Warning: There were multiply-defined labels.

 ) 
Here is how much of TeX's memory you used:
 13721 strings out of 481225
 199568 string characters out of 2915928
 491867 words of memory out of 3000000
 28728 multiletter control sequences out of 15000+200000
 733207 words of font info for 267 fonts, out of 3000000 for 9000
 1141 hyphenation exceptions out of 8191
 43i,13n,39p,1019b,598s stack positions out of 5000i,500n,10000p,200000b,50000s
 <C:\Users\atuls\AppData\Local\MiKTeX\fonts/pk/ljfour/public/wasy/dpi600\wasy10.pk>{C:/Program Files/MiKTeX/fonts/enc/dvips/libertine/lbtn_naooyc.enc}{C:/Program Files/MiKTeX/fonts/enc/dvips/libertine/lbtn_ki75ao.enc}{C:/Program Files/MiKTeX/fonts/enc/dvips/libertine/lbtn_oexx6f.enc}{C:/Program Files/MiKTeX/fonts/enc/dvips/libertine/lbtn_nh77jq.enc}{C:/Program Files/MiKTeX/fonts/enc/dvips/libertine/lbtn_7grukw.enc}{C:/Program Files/MiKTeX/fonts/enc/dvips/libertine/lbtn_76gpa5.enc}<C:/Program Files/MiKTeX/fonts/type1/public/newtx/LibertineMathMI.pfb><C:/Program Files/MiKTeX/fonts/type1/public/newtx/LibertineMathMI5.pfb><C:/Program Files/MiKTeX/fonts/type1/public/newtx/LibertineMathMI7.pfb><C:/Program Files/MiKTeX/fonts/type1/public/newtx/LibertineMathRM.pfb><C:/Program Files/MiKTeX/fonts/type1/public/libertine/LinLibertineT.pfb><C:/Program Files/MiKTeX/fonts/type1/public/libertine/LinLibertineTB.pfb><C:/Program Files/MiKTeX/fonts/type1/public/libertine/LinLibertineTBI.pfb><C:/Program Files/MiKTeX/fonts/type1/public/libertine/LinLibertineTI.pfb><C:/Program Files/MiKTeX/fonts/type1/public/newtx/NewTXMI.pfb><C:/Program Files/MiKTeX/fonts/type1/public/newtx/NewTXMI7.pfb><C:/Program Files/MiKTeX/fonts/type1/public/newtx/txexs.pfb><C:/Program Files/MiKTeX/fonts/type1/public/newtx/txmiaX.pfb><C:/Program Files/MiKTeX/fonts/type1/public/txfonts/txsya.pfb><C:/Program Files/MiKTeX/fonts/type1/public/txfonts/txsyb.pfb><C:/Program Files/MiKTeX/fonts/type1/public/newtx/txsys.pfb>
Output written on DI_WCF_draft2.pdf (22 pages, 562645 bytes).
PDF statistics:
 619 PDF objects out of 1000 (max. 8388607)
 208 named destinations out of 1000 (max. 500000)
 203 words of extra memory for PDF output out of 10000 (max. 10000000)

