\BOOKMARK [1][-]{section.1}{Introduction}{}% 1
\BOOKMARK [2][-]{subsection.1.1}{Our main result}{section.1}% 2
\BOOKMARK [2][-]{subsection.1.2}{Pre-processing step: Self-testing}{section.1}% 3
\BOOKMARK [2][-]{subsection.1.3}{Post-processing step: Abort-phobic composition}{section.1}% 4
\BOOKMARK [2][-]{subsection.1.4}{Applications}{section.1}% 5
\BOOKMARK [2][-]{subsection.1.5}{\(in progress\) Contributions}{section.1}% 6
\BOOKMARK [2][-]{subsection.1.6}{Proof Technique}{section.1}% 7
\BOOKMARK [1][-]{section.2}{Device Independent Weak Coin Flipping protocols | State Of The Art}{}% 8
\BOOKMARK [2][-]{subsection.2.1}{Device Independence and the Box Paradigm}{section.2}% 9
\BOOKMARK [2][-]{subsection.2.2}{The GHZ Test}{section.2}% 10
\BOOKMARK [2][-]{subsection.2.3}{The Protocol}{section.2}% 11
\BOOKMARK [1][-]{section.3}{First Technique: Self-testing \(single shot, unbalanced\)}{}% 12
\BOOKMARK [2][-]{subsection.3.1}{Cheat Vectors }{section.3}% 13
\BOOKMARK [2][-]{subsection.3.2}{Alice self-tests | Protocol P}{section.3}% 14
\BOOKMARK [2][-]{subsection.3.3}{Bob self-tests | Protocol Q}{section.3}% 15
\BOOKMARK [1][-]{section.4}{Second Technique: Bias Suppression }{}% 16
\BOOKMARK [2][-]{subsection.4.1}{Composition}{section.4}% 17
\BOOKMARK [2][-]{subsection.4.2}{Standard Composition | CLL}{section.4}% 18
\BOOKMARK [2][-]{subsection.4.3}{Abort Phobic Compositions | CL,CL}{section.4}% 19
\BOOKMARK [1][-]{section.5}{Security Proof | Asymptotic}{}% 20
\BOOKMARK [2][-]{subsection.5.1}{Cheat vectors optimisation using Semi Definite Programming}{section.5}% 21
\BOOKMARK [3][-]{subsubsection.5.1.1}{SDP when Alice self-tests}{subsection.5.1}% 22
\BOOKMARK [3][-]{subsubsection.5.1.2}{SDP when Bob self-tests}{subsection.5.1}% 23
\BOOKMARK [1][-]{section.6}{Self-testing: asymptotic case}{}% 24
\BOOKMARK [1][-]{section.7}{Self-testing: finite testing}{}% 25
\BOOKMARK [2][-]{subsection.7.1}{Estimation of GHZ winning probability}{section.7}% 26
\BOOKMARK [2][-]{subsection.7.2}{Robust self-testing and continuity of SDP}{section.7}% 27
\BOOKMARK [3][-]{subsubsection.7.2.1}{Bob dishonest}{subsection.7.2}% 28
\BOOKMARK [2][-]{subsection.7.3}{The self-testing step [Discuss with Tom before writing] }{section.7}% 29
\BOOKMARK [3][-]{subsubsection.7.3.1}{Notes on Martingales}{subsection.7.3}% 30
\BOOKMARK [2][-]{subsection.7.4}{The continuity argument [Enter Jamie]}{section.7}% 31
