This is pdfTeX, Version 3.141592653-2.6-1.40.23 (MiKTeX 21.7) (preloaded format=pdflatex 2021.8.1)  3 AUG 2021 18:24
entering extended mode
**c:/Users/atuls/Documents/SparkleShare/DI_WCF_1/Overleaf/DI_WCF_draft3.tex
(c:/Users/atuls/Documents/SparkleShare/DI_WCF_1/Overleaf/DI_WCF_draft3.tex
LaTeX2e <2021-06-01> patch level 1
L3 programming layer <2021-07-12> (C:\Users\atuls\AppData\Local\Programs\MiKTeX\tex/latex/base\article.cls
Document Class: article 2021/02/12 v1.4n Standard LaTeX document class
(C:\Users\atuls\AppData\Local\Programs\MiKTeX\tex/latex/base\size10.clo
File: size10.clo 2021/02/12 v1.4n Standard LaTeX file (size option)
)
\c@part=\count182
\c@section=\count183
\c@subsection=\count184
\c@subsubsection=\count185
\c@paragraph=\count186
\c@subparagraph=\count187
\c@figure=\count188
\c@table=\count189
\abovecaptionskip=\skip47
\belowcaptionskip=\skip48
\bibindent=\dimen138
) (C:\Users\atuls\AppData\Local\Programs\MiKTeX\tex/latex/amsmath\amsmath.sty
Package: amsmath 2021/04/20 v2.17j AMS math features
\@mathmargin=\skip49

For additional information on amsmath, use the `?' option.
(C:\Users\atuls\AppData\Local\Programs\MiKTeX\tex/latex/amsmath\amstext.sty
Package: amstext 2000/06/29 v2.01 AMS text
 (C:\Users\atuls\AppData\Local\Programs\MiKTeX\tex/latex/amsmath\amsgen.sty
File: amsgen.sty 1999/11/30 v2.0 generic functions
\@emptytoks=\toks16
\ex@=\dimen139
)) (C:\Users\atuls\AppData\Local\Programs\MiKTeX\tex/latex/amsmath\amsbsy.sty
Package: amsbsy 1999/11/29 v1.2d Bold Symbols
\pmbraise@=\dimen140
) (C:\Users\atuls\AppData\Local\Programs\MiKTeX\tex/latex/amsmath\amsopn.sty
Package: amsopn 2016/03/08 v2.02 operator names
)
\inf@bad=\count190
LaTeX Info: Redefining \frac on input line 234.
\uproot@=\count191
\leftroot@=\count192
LaTeX Info: Redefining \overline on input line 399.
\classnum@=\count193
\DOTSCASE@=\count194
LaTeX Info: Redefining \ldots on input line 496.
LaTeX Info: Redefining \dots on input line 499.
LaTeX Info: Redefining \cdots on input line 620.
\Mathstrutbox@=\box50
\strutbox@=\box51
\big@size=\dimen141
LaTeX Font Info:    Redeclaring font encoding OML on input line 743.
LaTeX Font Info:    Redeclaring font encoding OMS on input line 744.
\macc@depth=\count195
\c@MaxMatrixCols=\count196
\dotsspace@=\muskip16
\c@parentequation=\count197
\dspbrk@lvl=\count198
\tag@help=\toks17
\row@=\count199
\column@=\count266
\maxfields@=\count267
\andhelp@=\toks18
\eqnshift@=\dimen142
\alignsep@=\dimen143
\tagshift@=\dimen144
\tagwidth@=\dimen145
\totwidth@=\dimen146
\lineht@=\dimen147
\@envbody=\toks19
\multlinegap=\skip50
\multlinetaggap=\skip51
\mathdisplay@stack=\toks20
LaTeX Info: Redefining \[ on input line 2923.
LaTeX Info: Redefining \] on input line 2924.
) (C:\Users\atuls\AppData\Local\Programs\MiKTeX\tex/latex/preprint\authblk.sty
Package: authblk 2001/02/27 1.3 (PWD)
\affilsep=\skip52
\@affilsep=\skip53
\c@Maxaffil=\count268
\c@authors=\count269
\c@affil=\count270
) (C:\Users\atuls\AppData\Local\Programs\MiKTeX\tex/latex/amscls\amsthm.sty
Package: amsthm 2020/05/29 v2.20.6
\thm@style=\toks21
\thm@bodyfont=\toks22
\thm@headfont=\toks23
\thm@notefont=\toks24
\thm@headpunct=\toks25
\thm@preskip=\skip54
\thm@postskip=\skip55
\thm@headsep=\skip56
\dth@everypar=\toks26
) (C:\Users\atuls\AppData\Local\Programs\MiKTeX\tex/latex/libertine\libertineRoman.sty
Package: libertineRoman 2020/03/26 (Bob Tennent) Supports Libertine Roman fonts for all LaTeX engines.
 (C:\Users\atuls\AppData\Local\Programs\MiKTeX\tex/generic/iftex\ifxetex.sty
Package: ifxetex 2019/10/25 v0.7 ifxetex legacy package. Use iftex instead.
 (C:\Users\atuls\AppData\Local\Programs\MiKTeX\tex/generic/iftex\iftex.sty
Package: iftex 2020/03/06 v1.0d TeX engine tests
)) (C:\Users\atuls\AppData\Local\Programs\MiKTeX\tex/generic/iftex\ifluatex.sty
Package: ifluatex 2019/10/25 v1.5 ifluatex legacy package. Use iftex instead.
) (C:\Users\atuls\AppData\Local\Programs\MiKTeX\tex/latex/xkeyval\xkeyval.sty
Package: xkeyval 2020/11/20 v2.8 package option processing (HA)
 (C:\Users\atuls\AppData\Local\Programs\MiKTeX\tex/generic/xkeyval\xkeyval.tex (C:\Users\atuls\AppData\Local\Programs\MiKTeX\tex/generic/xkeyval\xkvutils.tex
\XKV@toks=\toks27
\XKV@tempa@toks=\toks28
 (C:\Users\atuls\AppData\Local\Programs\MiKTeX\tex/generic/xkeyval\keyval.tex))
\XKV@depth=\count271
File: xkeyval.tex 2014/12/03 v2.7a key=value parser (HA)
)) (C:\Users\atuls\AppData\Local\Programs\MiKTeX\tex/latex/base\textcomp.sty
Package: textcomp 2020/02/02 v2.0n Standard LaTeX package
) (C:\Users\atuls\AppData\Local\Programs\MiKTeX\tex/latex/base\fontenc.sty
Package: fontenc 2021/04/29 v2.0v Standard LaTeX package
) (C:\Users\atuls\AppData\Local\Programs\MiKTeX\tex/latex/fontaxes\fontaxes.sty
Package: fontaxes 2020/07/21 v1.0e Font selection axes
LaTeX Info: Redefining \upshape on input line 29.
LaTeX Info: Redefining \itshape on input line 31.
LaTeX Info: Redefining \slshape on input line 33.
LaTeX Info: Redefining \swshape on input line 35.
LaTeX Info: Redefining \scshape on input line 37.
LaTeX Info: Redefining \sscshape on input line 39.
LaTeX Info: Redefining \ulcshape on input line 41.
LaTeX Info: Redefining \textsw on input line 47.
LaTeX Info: Redefining \textssc on input line 48.
LaTeX Info: Redefining \textulc on input line 49.
)
LaTeX Info: Redefining \oldstylenums on input line 232.
 (C:\Users\atuls\AppData\Local\Programs\MiKTeX\tex/latex/libertine\LinLibertine_I.tex)) (C:\Users\atuls\AppData\Local\Programs\MiKTeX\tex/latex/libertine\biolinum.sty
Package: biolinum 2020/03/26 (Bob Tennent) Supports Biolinum fonts for all LaTeX engines.
 (C:\Users\atuls\AppData\Local\Programs\MiKTeX\tex/latex/base\fontenc.sty
Package: fontenc 2021/04/29 v2.0v Standard LaTeX package
LaTeX Font Info:    Trying to load font information for OT1+LinuxLibertineT-TLF on input line 112.
 (C:\Users\atuls\AppData\Local\Programs\MiKTeX\tex/latex/libertine\ot1linuxlibertinet-tlf.fd
File: OT1LinuxLibertineT-TLF.fd 2017/03/20 (autoinst) Font definitions for OT1/LinuxLibertineT-TLF.
)
LaTeX Font Info:    Font shape `OT1/LinuxLibertineT-TLF/m/n' will be
(Font)              scaled to size 10.0pt on input line 112.
)
LaTeX Info: Redefining \textsu on input line 241.
LaTeX Info: Redefining \liningnums on input line 251.
LaTeX Info: Redefining \oldstylenumsf on input line 252.
LaTeX Info: Redefining \liningnumsf on input line 253.
) (C:\Users\atuls\AppData\Local\Programs\MiKTeX\tex/latex/newtx\newtxmath.sty
Package: newtxmath 2021/06/01 v1.655
 `newtxmath' v1.655, 2021/06/01 Math macros based originally on txfonts (msharpe) (C:\Users\atuls\AppData\Local\Programs\MiKTeX\tex/latex/base\ifthen.sty
Package: ifthen 2020/11/24 v1.1c Standard LaTeX ifthen package (DPC)
) (C:\Users\atuls\AppData\Local\Programs\MiKTeX\tex/latex/etoolbox\etoolbox.sty
Package: etoolbox 2020/10/05 v2.5k e-TeX tools for LaTeX (JAW)
\etb@tempcnta=\count272
) (C:\Users\atuls\AppData\Local\Programs\MiKTeX\tex/latex/oberdiek\centernot.sty
Package: centernot 2016/05/16 v1.4 Centers the not symbol horizontally (HO)
)
\tx@cntz=\count273
 (C:\Users\atuls\AppData\Local\Programs\MiKTeX\tex/generic/binhex\binhex.tex)
\tx@Isdigit=\count274
\tx@IsAlNum=\count275
\tx@tA=\toks29
\tx@tB=\toks30
\tx@su=\read2
LaTeX Font Info:    Redeclaring symbol font `operators' on input line 360.
LaTeX Font Info:    Overwriting symbol font `operators' in version `normal'
(Font)                  OT1/cmr/m/n --> OT1/LinuxLibertineT-TLF/m/n on input line 360.
LaTeX Font Info:    Overwriting symbol font `operators' in version `bold'
(Font)                  OT1/cmr/bx/n --> OT1/LinuxLibertineT-TLF/m/n on input line 360.
LaTeX Font Info:    Overwriting symbol font `operators' in version `bold'
(Font)                  OT1/LinuxLibertineT-TLF/m/n --> OT1/LinuxLibertineT-TLF/sb/n on input line 361.
LaTeX Font Info:    Redeclaring math alphabet \mathsf on input line 369.
LaTeX Font Info:    Overwriting math alphabet `\mathsf' in version `normal'
(Font)                  OT1/cmss/m/n --> OT1/LinuxBiolinumT-TLF/m/n on input line 369.
LaTeX Font Info:    Overwriting math alphabet `\mathsf' in version `bold'
(Font)                  OT1/cmss/bx/n --> OT1/LinuxBiolinumT-TLF/m/n on input line 369.
LaTeX Font Info:    Redeclaring math alphabet \mathit on input line 370.
LaTeX Font Info:    Overwriting math alphabet `\mathit' in version `normal'
(Font)                  OT1/cmr/m/it --> OT1/LinuxLibertineT-TLF/m/it on input line 370.
LaTeX Font Info:    Overwriting math alphabet `\mathit' in version `bold'
(Font)                  OT1/cmr/bx/it --> OT1/LinuxLibertineT-TLF/m/it on input line 370.
LaTeX Font Info:    Redeclaring math alphabet \mathtt on input line 371.
LaTeX Font Info:    Overwriting math alphabet `\mathtt' in version `normal'
(Font)                  OT1/cmtt/m/n --> OT1/lmtt/m/n on input line 371.
LaTeX Font Info:    Overwriting math alphabet `\mathtt' in version `bold'
(Font)                  OT1/cmtt/m/n --> OT1/lmtt/m/n on input line 371.
LaTeX Font Info:    Redeclaring math alphabet \mathbf on input line 373.
LaTeX Font Info:    Overwriting math alphabet `\mathbf' in version `normal'
(Font)                  OT1/cmr/bx/n --> OT1/LinuxLibertineT-TLF/sb/n on input line 373.
LaTeX Font Info:    Overwriting math alphabet `\mathbf' in version `bold'
(Font)                  OT1/cmr/bx/n --> OT1/LinuxLibertineT-TLF/sb/n on input line 373.
LaTeX Font Info:    Overwriting math alphabet `\mathit' in version `bold'
(Font)                  OT1/LinuxLibertineT-TLF/m/it --> OT1/LinuxLibertineT-TLF/sb/it on input line 374.
LaTeX Font Info:    Overwriting math alphabet `\mathsf' in version `bold'
(Font)                  OT1/LinuxBiolinumT-TLF/m/n --> OT1/LinuxBiolinumT-TLF/b/n on input line 375.
LaTeX Font Info:    Overwriting math alphabet `\mathtt' in version `bold'
(Font)                  OT1/lmtt/m/n --> OT1/lmtt/b/n on input line 376.
LaTeX Font Info:    Redeclaring symbol font `letters' on input line 393.
LaTeX Font Info:    Overwriting symbol font `letters' in version `normal'
(Font)                  OML/cmm/m/it --> OML/nxlmi/m/it on input line 393.
LaTeX Font Info:    Overwriting symbol font `letters' in version `bold'
(Font)                  OML/cmm/b/it --> OML/nxlmi/m/it on input line 393.
LaTeX Font Info:    Overwriting symbol font `letters' in version `bold'
(Font)                  OML/nxlmi/m/it --> OML/nxlmi/b/it on input line 394.
\symlettersA=\mathgroup4
LaTeX Font Info:    Overwriting symbol font `lettersA' in version `bold'
(Font)                  U/ntxmia/m/it --> U/ntxmia/b/it on input line 533.
Now handling font encoding LMS ...
... no UTF-8 mapping file for font encoding LMS
LaTeX Font Info:    Redeclaring symbol font `symbols' on input line 554.
LaTeX Font Info:    Encoding `OMS' has changed to `LMS' for symbol font
(Font)              `symbols' in the math version `normal' on input line 554.
LaTeX Font Info:    Overwriting symbol font `symbols' in version `normal'
(Font)                  OMS/cmsy/m/n --> LMS/ntxsy/m/n on input line 554.
LaTeX Font Info:    Encoding `OMS' has changed to `LMS' for symbol font
(Font)              `symbols' in the math version `bold' on input line 554.
LaTeX Font Info:    Overwriting symbol font `symbols' in version `bold'
(Font)                  OMS/cmsy/b/n --> LMS/ntxsy/m/n on input line 554.
LaTeX Font Info:    Overwriting symbol font `symbols' in version `bold'
(Font)                  LMS/ntxsy/m/n --> LMS/ntxsy/b/n on input line 555.
\symAMSm=\mathgroup5
LaTeX Font Info:    Overwriting symbol font `AMSm' in version `bold'
(Font)                  U/ntxsym/m/n --> U/ntxsym/b/n on input line 580.
\symsymbolsC=\mathgroup6
LaTeX Font Info:    Overwriting symbol font `symbolsC' in version `bold'
(Font)                  U/ntxsyc/m/n --> U/ntxsyc/b/n on input line 601.
Now handling font encoding LMX ...
... no UTF-8 mapping file for font encoding LMX
LaTeX Font Info:    Redeclaring symbol font `largesymbols' on input line 614.
LaTeX Font Info:    Encoding `OMX' has changed to `LMX' for symbol font
(Font)              `largesymbols' in the math version `normal' on input line 614.
LaTeX Font Info:    Overwriting symbol font `largesymbols' in version `normal'
(Font)                  OMX/cmex/m/n --> LMX/ntxexx/m/n on input line 614.
LaTeX Font Info:    Encoding `OMX' has changed to `LMX' for symbol font
(Font)              `largesymbols' in the math version `bold' on input line 614.
LaTeX Font Info:    Overwriting symbol font `largesymbols' in version `bold'
(Font)                  OMX/cmex/m/n --> LMX/ntxexx/m/n on input line 614.
LaTeX Font Info:    Overwriting symbol font `largesymbols' in version `bold'
(Font)                  LMX/ntxexx/m/n --> LMX/ntxexx/b/n on input line 615.
\symlargesymbolsTXA=\mathgroup7
LaTeX Font Info:    Overwriting symbol font `largesymbolsTXA' in version `bold'
(Font)                  U/ntxexa/m/n --> U/ntxexa/b/n on input line 629.
\tx@sbptoks=\toks31
LaTeX Font Info:    Redeclaring math delimiter \lfloor on input line 852.
LaTeX Font Info:    Redeclaring math delimiter \rfloor on input line 853.
LaTeX Font Info:    Redeclaring math delimiter \lceil on input line 854.
LaTeX Font Info:    Redeclaring math delimiter \rceil on input line 855.
LaTeX Font Info:    Redeclaring math delimiter \lbrace on input line 856.
LaTeX Font Info:    Redeclaring math delimiter \rbrace on input line 857.
LaTeX Font Info:    Redeclaring math delimiter \langle on input line 858.
LaTeX Font Info:    Redeclaring math delimiter \rangle on input line 860.
LaTeX Font Info:    Redeclaring math delimiter \arrowvert on input line 864.
LaTeX Font Info:    Redeclaring math delimiter \vert on input line 865.
LaTeX Font Info:    Redeclaring math symbol \hbar on input line 911.
LaTeX Font Info:    Redeclaring math accent \dot on input line 936.
LaTeX Font Info:    Redeclaring math accent \ddot on input line 937.
LaTeX Font Info:    Redeclaring math accent \vec on input line 2000.
LaTeX Info: Redefining \Bbbk on input line 2788.
LaTeX Info: Redefining \not on input line 2937.
LaTeX Info: Redefining \textsquare on input line 2967.
LaTeX Info: Redefining \openbox on input line 2969.
) (C:\Users\atuls\AppData\Local\Programs\MiKTeX\tex/latex/base\fontenc.sty
Package: fontenc 2021/04/29 v2.0v Standard LaTeX package
LaTeX Font Info:    Trying to load font information for T1+LinuxLibertineT-TLF on input line 112.
 (C:\Users\atuls\AppData\Local\Programs\MiKTeX\tex/latex/libertine\t1linuxlibertinet-tlf.fd
File: T1LinuxLibertineT-TLF.fd 2017/03/20 (autoinst) Font definitions for T1/LinuxLibertineT-TLF.
)
LaTeX Font Info:    Font shape `T1/LinuxLibertineT-TLF/m/n' will be
(Font)              scaled to size 10.0pt on input line 112.
) (C:\Users\atuls\AppData\Local\Programs\MiKTeX\tex/latex/base\inputenc.sty
Package: inputenc 2021/02/14 v1.3d Input encoding file
\inpenc@prehook=\toks32
\inpenc@posthook=\toks33
 (C:\Users\atuls\AppData\Local\Programs\MiKTeX\tex/latex/base\latin9.def
File: latin9.def 2021/02/14 v1.3d Input encoding file
)) (C:\Users\atuls\AppData\Local\Programs\MiKTeX\tex/latex/geometry\geometry.sty
Package: geometry 2020/01/02 v5.9 Page Geometry
 (C:\Users\atuls\AppData\Local\Programs\MiKTeX\tex/generic/iftex\ifvtex.sty
Package: ifvtex 2019/10/25 v1.7 ifvtex legacy package. Use iftex instead.
)
\Gm@cnth=\count276
\Gm@cntv=\count277
\c@Gm@tempcnt=\count278
\Gm@bindingoffset=\dimen148
\Gm@wd@mp=\dimen149
\Gm@odd@mp=\dimen150
\Gm@even@mp=\dimen151
\Gm@layoutwidth=\dimen152
\Gm@layoutheight=\dimen153
\Gm@layouthoffset=\dimen154
\Gm@layoutvoffset=\dimen155
\Gm@dimlist=\toks34
 (C:\Users\atuls\AppData\Local\Programs\MiKTeX\tex/latex/geometry\geometry.cfg)) (C:\Users\atuls\AppData\Local\Programs\MiKTeX\tex/latex/graphics\color.sty
Package: color 2020/02/24 v1.2b Standard LaTeX Color (DPC)
 (C:\Users\atuls\AppData\Local\Programs\MiKTeX\tex/latex/graphics-cfg\color.cfg
File: color.cfg 2016/01/02 v1.6 sample color configuration
)
Package color Info: Driver file: pdftex.def on input line 149.
 (C:\Users\atuls\AppData\Local\Programs\MiKTeX\tex/latex/graphics-def\pdftex.def
File: pdftex.def 2020/10/05 v1.2a Graphics/color driver for pdftex
)) (C:\Users\atuls\AppData\Local\Programs\MiKTeX\tex/latex/refstyle\refstyle.sty
Package: refstyle 2010/11/02 v0.5 Reference formatting (DNJ Els)
Package refstyle Info: Config file refstyle.cfg used on input line 322.
 (C:\Users\atuls\AppData\Local\Programs\MiKTeX\tex/latex/refstyle\refstyle.cfg
File: refstyle.cfg 2010/11/02 0.5 Configuration file for refstyle (DNJ Els)
Package refstyle Info: New reference template \newref{part} on input line 468.
Package refstyle Info: \partkey created on input line 468.
Package refstyle Info: \partlabel created on input line 468.
Package refstyle Info: \partref created on input line 468.
Package refstyle Info: \Partref created on input line 468.
Package refstyle Info: \partrangeref created on input line 468.
Package refstyle Info: \Partrangeref created on input line 468.
Package refstyle Info: \partpageref created on input line 468.
Package refstyle Info: New reference template \newref{chap} on input line 501.
Package refstyle Info: \chapkey created on input line 501.
Package refstyle Info: \chaplabel created on input line 501.
Package refstyle Info: \chapref created on input line 501.
Package refstyle Info: \Chapref created on input line 501.
Package refstyle Info: \chaprangeref created on input line 501.
Package refstyle Info: \Chaprangeref created on input line 501.
Package refstyle Info: \chappageref created on input line 501.
Package refstyle Info: New reference template \newref{sec} on input line 511.
Package refstyle Info: \seckey created on input line 511.
Package refstyle Info: \seclabel created on input line 511.
Package refstyle Info: \secref created on input line 511.
Package refstyle Info: \Secref created on input line 511.
Package refstyle Info: \secrangeref created on input line 511.
Package refstyle Info: \Secrangeref created on input line 511.
Package refstyle Info: \secpageref created on input line 511.
Package refstyle Info: New reference template \newref{eq} on input line 526.
Package refstyle Info: \eqkey created on input line 526.
Package refstyle Info: \eqlabel created on input line 526.
Package refstyle Info: \eqref created on input line 526.
Package refstyle Info: \Eqref created on input line 526.
Package refstyle Info: \eqrangeref created on input line 526.
Package refstyle Info: \Eqrangeref created on input line 526.
Package refstyle Info: \eqpageref created on input line 526.
Package refstyle Info: New reference template \newref{fig} on input line 544.
Package refstyle Info: \figkey created on input line 544.
Package refstyle Info: \figlabel created on input line 544.
Package refstyle Info: \figref created on input line 544.
Package refstyle Info: \Figref created on input line 544.
Package refstyle Info: \figrangeref created on input line 544.
Package refstyle Info: \Figrangeref created on input line 544.
Package refstyle Info: \figpageref created on input line 544.
Package refstyle Info: New reference template \newref{tab} on input line 553.
Package refstyle Info: \tabkey created on input line 553.
Package refstyle Info: \tablabel created on input line 553.
Package refstyle Info: \tabref created on input line 553.
Package refstyle Info: \Tabref created on input line 553.
Package refstyle Info: \tabrangeref created on input line 553.
Package refstyle Info: \Tabrangeref created on input line 553.
Package refstyle Info: \tabpageref created on input line 553.
Package refstyle Info: New reference template \newref{fn} on input line 568.
Package refstyle Info: \fnkey created on input line 568.
Package refstyle Info: \fnlabel created on input line 568.
Package refstyle Info: \fnref created on input line 568.
Package refstyle Info: \Fnref created on input line 568.
Package refstyle Info: \fnrangeref created on input line 568.
Package refstyle Info: \Fnrangeref created on input line 568.
Package refstyle Info: \fnpageref created on input line 568.
)) (C:\Users\atuls\AppData\Local\Programs\MiKTeX\tex/latex/graphics\graphicx.sty
Package: graphicx 2020/12/05 v1.2c Enhanced LaTeX Graphics (DPC,SPQR)
 (C:\Users\atuls\AppData\Local\Programs\MiKTeX\tex/latex/graphics\graphics.sty
Package: graphics 2021/03/04 v1.4d Standard LaTeX Graphics (DPC,SPQR)
 (C:\Users\atuls\AppData\Local\Programs\MiKTeX\tex/latex/graphics\trig.sty
Package: trig 2016/01/03 v1.10 sin cos tan (DPC)
) (C:\Users\atuls\AppData\Local\Programs\MiKTeX\tex/latex/graphics-cfg\graphics.cfg
File: graphics.cfg 2016/06/04 v1.11 sample graphics configuration
)
Package graphics Info: Driver file: pdftex.def on input line 107.
)
\Gin@req@height=\dimen156
\Gin@req@width=\dimen157
) (C:\Users\atuls\AppData\Local\Programs\MiKTeX\tex/latex/wasysym\wasysym.sty
Package: wasysym 2020/01/19 v2.4 Wasy-2 symbol support package
\symwasy=\mathgroup8
LaTeX Font Info:    Overwriting symbol font `wasy' in version `bold'
(Font)                  U/wasy/m/n --> U/wasy/b/n on input line 93.
) (C:\Users\atuls\AppData\Local\Programs\MiKTeX\tex/latex/booktabs\booktabs.sty
Package: booktabs 2020/01/12 v1.61803398 Publication quality tables
\heavyrulewidth=\dimen158
\lightrulewidth=\dimen159
\cmidrulewidth=\dimen160
\belowrulesep=\dimen161
\belowbottomsep=\dimen162
\aboverulesep=\dimen163
\abovetopsep=\dimen164
\cmidrulesep=\dimen165
\cmidrulekern=\dimen166
\defaultaddspace=\dimen167
\@cmidla=\count279
\@cmidlb=\count280
\@aboverulesep=\dimen168
\@belowrulesep=\dimen169
\@thisruleclass=\count281
\@lastruleclass=\count282
\@thisrulewidth=\dimen170
) (C:\Users\atuls\AppData\Local\Programs\MiKTeX\tex/latex/ulem\ulem.sty
\UL@box=\box52
\UL@hyphenbox=\box53
\UL@skip=\skip57
\UL@hook=\toks35
\UL@height=\dimen171
\UL@pe=\count283
\UL@pixel=\dimen172
\ULC@box=\box54
Package: ulem 2019/11/18
\ULdepth=\dimen173
) (C:\Users\atuls\AppData\Local\Programs\MiKTeX\tex/latex/tools\tabularx.sty
Package: tabularx 2020/01/15 v2.11c `tabularx' package (DPC)
 (C:\Users\atuls\AppData\Local\Programs\MiKTeX\tex/latex/tools\array.sty
Package: array 2021/04/20 v2.5e Tabular extension package (FMi)
\col@sep=\dimen174
\ar@mcellbox=\box55
\extrarowheight=\dimen175
\NC@list=\toks36
\extratabsurround=\skip58
\backup@length=\skip59
\ar@cellbox=\box56
)
\TX@col@width=\dimen176
\TX@old@table=\dimen177
\TX@old@col=\dimen178
\TX@target=\dimen179
\TX@delta=\dimen180
\TX@cols=\count284
\TX@ftn=\toks37
) (C:\Users\atuls\AppData\Local\Programs\MiKTeX\tex/latex/xcolor\xcolor.sty
Package: xcolor 2016/05/11 v2.12 LaTeX color extensions (UK)
 (C:\Users\atuls\AppData\Local\Programs\MiKTeX\tex/latex/graphics-cfg\color.cfg
File: color.cfg 2016/01/02 v1.6 sample color configuration
)
Package xcolor Info: Driver file: pdftex.def on input line 225.
 (C:\Users\atuls\AppData\Local\Programs\MiKTeX\tex/latex/colortbl\colortbl.sty
Package: colortbl 2020/01/04 v1.0e Color table columns (DPC)
\everycr=\toks38
\minrowclearance=\skip60
)
LaTeX Info: Redefining \color on input line 709.
\rownum=\count285
Package xcolor Info: Model `cmy' substituted by `cmy0' on input line 1348.
Package xcolor Info: Model `hsb' substituted by `rgb' on input line 1352.
Package xcolor Info: Model `RGB' extended on input line 1364.
Package xcolor Info: Model `HTML' substituted by `rgb' on input line 1366.
Package xcolor Info: Model `Hsb' substituted by `hsb' on input line 1367.
Package xcolor Info: Model `tHsb' substituted by `hsb' on input line 1368.
Package xcolor Info: Model `HSB' substituted by `hsb' on input line 1369.
Package xcolor Info: Model `Gray' substituted by `gray' on input line 1370.
Package xcolor Info: Model `wave' substituted by `hsb' on input line 1371.
 (C:\Users\atuls\AppData\Local\Programs\MiKTeX\tex/latex/graphics\dvipsnam.def
File: dvipsnam.def 2016/06/17 v3.0m Driver-dependent file (DPC,SPQR)
))
\c@protocol=\count286
 (C:\Users\atuls\AppData\Local\Programs\MiKTeX\tex/latex/algorithms\algorithmic.sty
Package: algorithmic 2009/08/24 v0.1 Document Style `algorithmic'
\c@ALC@unique=\count287
\c@ALC@line=\count288
\c@ALC@rem=\count289
\c@ALC@depth=\count290
\ALC@tlm=\skip61
\algorithmicindent=\skip62
) (C:\Users\atuls\AppData\Local\Programs\MiKTeX\tex/latex/algorithms\algorithm.sty
Package: algorithm 2009/08/24 v0.1 Document Style `algorithm' - floating environment
 (C:\Users\atuls\AppData\Local\Programs\MiKTeX\tex/latex/float\float.sty
Package: float 2001/11/08 v1.3d Float enhancements (AL)
\c@float@type=\count291
\float@exts=\toks39
\float@box=\box57
\@float@everytoks=\toks40
\@floatcapt=\box58
)
\@float@every@algorithm=\toks41
\c@algorithm=\count292
) (C:\Users\atuls\AppData\Local\Programs\MiKTeX\tex/latex/ieeetrantools\IEEEtrantools.sty
Package: IEEEtrantools 2015/08/26 V1.5 by Michael Shell

-- See the "IEEEtrantools_doc.txt" manual for usage information.
-- http://www.michaelshell.org/tex/ieeetran/tools/
\@IEEEtrantmpdimenA=\dimen181
\@IEEEtrantmpdimenB=\dimen182
\@IEEEtrantmpdimenC=\dimen183
\@IEEEtrantmpcountA=\count293
\@IEEEtrantmpcountB=\count294
\@IEEEtrantmpcountC=\count295
\@IEEEtrantmptoksA=\toks42
\IEEEnormaljot=\dimen184
\IEEEquantizedlength=\dimen185
\IEEEquantizedlengthdiff=\dimen186
\IEEEquantizedtextheightdiff=\dimen187
\IEEEilabelindentA=\dimen188
\IEEEilabelindentB=\dimen189
\IEEEilabelindent=\dimen190
\IEEEelabelindent=\dimen191
\IEEEdlabelindent=\dimen192
\IEEElabelindent=\dimen193
\IEEEiednormlabelsep=\dimen194
\IEEEiedmathlabelsep=\dimen195
\IEEEiedtopsep=\skip63
\c@IEEEsubequation=\count296
\@IEEEeqnnumcols=\count297
\@IEEEeqncolcnt=\count298
\@IEEEsubeqnnumrollback=\count299
\IEEEPARstartletwidth=\dimen196
) (C:\Users\atuls\AppData\Local\Programs\MiKTeX\tex/latex/braket\braket.sty)
Package refstyle Info: New reference template \newref{subsec} on input line 224.
Package refstyle Info: \subseckey created on input line 224.
Package refstyle Info: \subseclabel created on input line 224.
Package refstyle Info: \subsecref created on input line 224.
Package refstyle Info: \Subsecref created on input line 224.
Package refstyle Info: \subsecrangeref created on input line 224.
Package refstyle Info: \Subsecrangeref created on input line 224.
Package refstyle Info: \subsecpageref created on input line 224.
Package refstyle Info: New reference template \newref{thm} on input line 227.
Package refstyle Info: \thmkey created on input line 227.
Package refstyle Info: \thmlabel created on input line 227.
Package refstyle Info: \thmref created on input line 227.
Package refstyle Info: \Thmref created on input line 227.
Package refstyle Info: \thmrangeref created on input line 227.
Package refstyle Info: \Thmrangeref created on input line 227.
Package refstyle Info: \thmpageref created on input line 227.
Package refstyle Info: New reference template \newref{lem} on input line 230.
Package refstyle Info: \lemkey created on input line 230.
Package refstyle Info: \lemlabel created on input line 230.
Package refstyle Info: \lemref created on input line 230.
Package refstyle Info: \Lemref created on input line 230.
Package refstyle Info: \lemrangeref created on input line 230.
Package refstyle Info: \Lemrangeref created on input line 230.
Package refstyle Info: \lempageref created on input line 230.
\c@thm=\count300
 (C:\Users\atuls\AppData\Local\Programs\MiKTeX\tex/latex/hyperref\hyperref.sty
Package: hyperref 2021-06-07 v7.00m Hypertext links for LaTeX
 (C:\Users\atuls\AppData\Local\Programs\MiKTeX\tex/generic/ltxcmds\ltxcmds.sty
Package: ltxcmds 2020-05-10 v1.25 LaTeX kernel commands for general use (HO)
) (C:\Users\atuls\AppData\Local\Programs\MiKTeX\tex/generic/pdftexcmds\pdftexcmds.sty
Package: pdftexcmds 2020-06-27 v0.33 Utility functions of pdfTeX for LuaTeX (HO)
 (C:\Users\atuls\AppData\Local\Programs\MiKTeX\tex/generic/infwarerr\infwarerr.sty
Package: infwarerr 2019/12/03 v1.5 Providing info/warning/error messages (HO)
)
Package pdftexcmds Info: \pdf@primitive is available.
Package pdftexcmds Info: \pdf@ifprimitive is available.
Package pdftexcmds Info: \pdfdraftmode found.
) (C:\Users\atuls\AppData\Local\Programs\MiKTeX\tex/generic/kvsetkeys\kvsetkeys.sty
Package: kvsetkeys 2019/12/15 v1.18 Key value parser (HO)
) (C:\Users\atuls\AppData\Local\Programs\MiKTeX\tex/generic/kvdefinekeys\kvdefinekeys.sty
Package: kvdefinekeys 2019-12-19 v1.6 Define keys (HO)
) (C:\Users\atuls\AppData\Local\Programs\MiKTeX\tex/generic/pdfescape\pdfescape.sty
Package: pdfescape 2019/12/09 v1.15 Implements pdfTeX's escape features (HO)
) (C:\Users\atuls\AppData\Local\Programs\MiKTeX\tex/latex/hycolor\hycolor.sty
Package: hycolor 2020-01-27 v1.10 Color options for hyperref/bookmark (HO)
) (C:\Users\atuls\AppData\Local\Programs\MiKTeX\tex/latex/letltxmacro\letltxmacro.sty
Package: letltxmacro 2019/12/03 v1.6 Let assignment for LaTeX macros (HO)
) (C:\Users\atuls\AppData\Local\Programs\MiKTeX\tex/latex/auxhook\auxhook.sty
Package: auxhook 2019-12-17 v1.6 Hooks for auxiliary files (HO)
) (C:\Users\atuls\AppData\Local\Programs\MiKTeX\tex/latex/kvoptions\kvoptions.sty
Package: kvoptions 2020-10-07 v3.14 Key value format for package options (HO)
)
\@linkdim=\dimen197
\Hy@linkcounter=\count301
\Hy@pagecounter=\count302
 (C:\Users\atuls\AppData\Local\Programs\MiKTeX\tex/latex/hyperref\pd1enc.def
File: pd1enc.def 2021-06-07 v7.00m Hyperref: PDFDocEncoding definition (HO)
Now handling font encoding PD1 ...
... no UTF-8 mapping file for font encoding PD1
) (C:\Users\atuls\AppData\Local\Programs\MiKTeX\tex/latex/hyperref\hyperref-langpatches.def
File: hyperref-langpatches.def 2021-06-07 v7.00m Hyperref: patches for babel languages
) (C:\Users\atuls\AppData\Local\Programs\MiKTeX\tex/generic/intcalc\intcalc.sty
Package: intcalc 2019/12/15 v1.3 Expandable calculations with integers (HO)
) (C:\Users\atuls\AppData\Local\Programs\MiKTeX\tex/generic/etexcmds\etexcmds.sty
Package: etexcmds 2019/12/15 v1.7 Avoid name clashes with e-TeX commands (HO)
)
\Hy@SavedSpaceFactor=\count303
 (C:\Users\atuls\AppData\Local\Programs\MiKTeX\tex/latex/hyperref\puenc.def
File: puenc.def 2021-06-07 v7.00m Hyperref: PDF Unicode definition (HO)
Now handling font encoding PU ...
... no UTF-8 mapping file for font encoding PU
)
Package hyperref Info: Hyper figures OFF on input line 4192.
Package hyperref Info: Link nesting OFF on input line 4197.
Package hyperref Info: Hyper index ON on input line 4200.
Package hyperref Info: Plain pages OFF on input line 4207.
Package hyperref Info: Backreferencing OFF on input line 4212.
Package hyperref Info: Implicit mode ON; LaTeX internals redefined.
Package hyperref Info: Bookmarks ON on input line 4445.
\c@Hy@tempcnt=\count304
 (C:\Users\atuls\AppData\Local\Programs\MiKTeX\tex/latex/url\url.sty
\Urlmuskip=\muskip17
Package: url 2013/09/16  ver 3.4  Verb mode for urls, etc.
)
LaTeX Info: Redefining \url on input line 4804.
\XeTeXLinkMargin=\dimen198
 (C:\Users\atuls\AppData\Local\Programs\MiKTeX\tex/generic/bitset\bitset.sty
Package: bitset 2019/12/09 v1.3 Handle bit-vector datatype (HO)
 (C:\Users\atuls\AppData\Local\Programs\MiKTeX\tex/generic/bigintcalc\bigintcalc.sty
Package: bigintcalc 2019/12/15 v1.5 Expandable calculations on big integers (HO)
))
\Fld@menulength=\count305
\Field@Width=\dimen199
\Fld@charsize=\dimen256
Package hyperref Info: Hyper figures OFF on input line 6076.
Package hyperref Info: Link nesting OFF on input line 6081.
Package hyperref Info: Hyper index ON on input line 6084.
Package hyperref Info: backreferencing OFF on input line 6091.
Package hyperref Info: Link coloring OFF on input line 6096.
Package hyperref Info: Link coloring with OCG OFF on input line 6101.
Package hyperref Info: PDF/A mode OFF on input line 6106.
LaTeX Info: Redefining \ref on input line 6146.
LaTeX Info: Redefining \pageref on input line 6150.
 (C:\Users\atuls\AppData\Local\Programs\MiKTeX\tex/latex/base\atbegshi-ltx.sty
Package: atbegshi-ltx 2021/01/10 v1.0c Emulation of the original atbegshi
package with kernel methods
)
\Hy@abspage=\count306
\c@Item=\count307
\c@Hfootnote=\count308
)
Package hyperref Info: Driver (autodetected): hpdftex.
 (C:\Users\atuls\AppData\Local\Programs\MiKTeX\tex/latex/hyperref\hpdftex.def
File: hpdftex.def 2021-06-07 v7.00m Hyperref driver for pdfTeX
 (C:\Users\atuls\AppData\Local\Programs\MiKTeX\tex/latex/base\atveryend-ltx.sty
Package: atveryend-ltx 2020/08/19 v1.0a Emulation of the original atvery package
with kernel methods
)
\Fld@listcount=\count309
\c@bookmark@seq@number=\count310
 (C:\Users\atuls\AppData\Local\Programs\MiKTeX\tex/latex/rerunfilecheck\rerunfilecheck.sty
Package: rerunfilecheck 2019/12/05 v1.9 Rerun checks for auxiliary files (HO)
 (C:\Users\atuls\AppData\Local\Programs\MiKTeX\tex/generic/uniquecounter\uniquecounter.sty
Package: uniquecounter 2019/12/15 v1.4 Provide unlimited unique counter (HO)
)
Package uniquecounter Info: New unique counter `rerunfilecheck' on input line 286.
)
\Hy@SectionHShift=\skip64
)
Package hyperref Info: Option `colorlinks' set `true' on input line 273.


Package hyperref Warning: Option `backref' has already been used,
(hyperref)                setting the option has no effect on input line 287.


Package hyperref Warning: Option `pagebackref' has already been used,
(hyperref)                setting the option has no effect on input line 287.


Package hyperref Warning: Option `hyperindex' has already been used,
(hyperref)                setting the option has no effect on input line 287.

Package hyperref Info: Option `breaklinks' set `true' on input line 287.
Package hyperref Info: Option `colorlinks' set `true' on input line 287.

Package hyperref Warning: Option `bookmarks' has already been used,
(hyperref)                setting the option has no effect on input line 287.

Package hyperref Info: Option `bookmarksopen' set `false' on input line 287.
Package refstyle Info: Reference template \newref{thm} redefined on input line 289.
Package refstyle Info: \thmkey created on input line 289.
Package refstyle Info: \thmlabel created on input line 289.
Package refstyle Info: \thmref created on input line 289.
Package refstyle Info: \Thmref created on input line 289.
Package refstyle Info: \thmrangeref created on input line 289.
Package refstyle Info: \Thmrangeref created on input line 289.
Package refstyle Info: \thmpageref created on input line 289.
Package refstyle Info: New reference template \newref{def} on input line 290.
Package refstyle Info: \defkey created on input line 290.
Package refstyle Info: \deflabel created on input line 290.
Package refstyle Info: \defref created on input line 290.
Package refstyle Info: \Defref created on input line 290.
Package refstyle Info: \defrangeref created on input line 290.
Package refstyle Info: \Defrangeref created on input line 290.
Package refstyle Info: \defpageref created on input line 290.
Package refstyle Info: New reference template \newref{alg} on input line 291.
Package refstyle Info: \algkey created on input line 291.
Package refstyle Info: \alglabel created on input line 291.
Package refstyle Info: \algref created on input line 291.
Package refstyle Info: \Algref created on input line 291.
Package refstyle Info: \algrangeref created on input line 291.
Package refstyle Info: \Algrangeref created on input line 291.
Package refstyle Info: \algpageref created on input line 291.
Package refstyle Info: New reference template \newref{cor} on input line 292.
Package refstyle Info: \corkey created on input line 292.
Package refstyle Info: \corlabel created on input line 292.
Package refstyle Info: \corref created on input line 292.
Package refstyle Info: \Corref created on input line 292.
Package refstyle Info: \corrangeref created on input line 292.
Package refstyle Info: \Corrangeref created on input line 292.
Package refstyle Info: \corpageref created on input line 292.
Package refstyle Info: Reference template \newref{lem} redefined on input line 293.
Package refstyle Info: \lemkey created on input line 293.
Package refstyle Info: \lemlabel created on input line 293.
Package refstyle Info: \lemref created on input line 293.
Package refstyle Info: \Lemref created on input line 293.
Package refstyle Info: \lemrangeref created on input line 293.
Package refstyle Info: \Lemrangeref created on input line 293.
Package refstyle Info: \lempageref created on input line 293.
Package refstyle Info: New reference template \newref{claim} on input line 294.
Package refstyle Info: \claimkey created on input line 294.
Package refstyle Info: \claimlabel created on input line 294.
Package refstyle Info: \claimref created on input line 294.
Package refstyle Info: \Claimref created on input line 294.
Package refstyle Info: \claimrangeref created on input line 294.
Package refstyle Info: \Claimrangeref created on input line 294.
Package refstyle Info: \claimpageref created on input line 294.
Package refstyle Info: Reference template \newref{sec} redefined on input line 295.
Package refstyle Info: \seckey created on input line 295.
Package refstyle Info: \seclabel created on input line 295.
Package refstyle Info: \secref created on input line 295.
Package refstyle Info: \Secref created on input line 295.
Package refstyle Info: \secrangeref created on input line 295.
Package refstyle Info: \Secrangeref created on input line 295.
Package refstyle Info: \secpageref created on input line 295.
Package refstyle Info: Reference template \newref{subsec} redefined on input line 296.
Package refstyle Info: \subseckey created on input line 296.
Package refstyle Info: \subseclabel created on input line 296.
Package refstyle Info: \subsecref created on input line 296.
Package refstyle Info: \Subsecref created on input line 296.
Package refstyle Info: \subsecrangeref created on input line 296.
Package refstyle Info: \Subsecrangeref created on input line 296.
Package refstyle Info: \subsecpageref created on input line 296.
Package refstyle Info: New reference template \newref{subsubsec} on input line 297.
Package refstyle Info: \subsubseckey created on input line 297.
Package refstyle Info: \subsubseclabel created on input line 297.
Package refstyle Info: \subsubsecref created on input line 297.
Package refstyle Info: \Subsubsecref created on input line 297.
Package refstyle Info: \subsubsecrangeref created on input line 297.
Package refstyle Info: \Subsubsecrangeref created on input line 297.
Package refstyle Info: \subsubsecpageref created on input line 297.
Package refstyle Info: New reference template \newref{prop} on input line 298.
Package refstyle Info: \propkey created on input line 298.
Package refstyle Info: \proplabel created on input line 298.
Package refstyle Info: \propref created on input line 298.
Package refstyle Info: \Propref created on input line 298.
Package refstyle Info: \proprangeref created on input line 298.
Package refstyle Info: \Proprangeref created on input line 298.
Package refstyle Info: \proppageref created on input line 298.
Package refstyle Info: New reference template \newref{assu} on input line 300.
Package refstyle Info: \assukey created on input line 300.
Package refstyle Info: \assulabel created on input line 300.
Package refstyle Info: \assuref created on input line 300.
Package refstyle Info: \Assuref created on input line 300.
Package refstyle Info: \assurangeref created on input line 300.
Package refstyle Info: \Assurangeref created on input line 300.
Package refstyle Info: \assupageref created on input line 300.
Package refstyle Info: New reference template \newref{rem} on input line 301.
Package refstyle Info: \remkey created on input line 301.
Package refstyle Info: \remlabel created on input line 301.
Package refstyle Info: \remref created on input line 301.
Package refstyle Info: \Remref created on input line 301.
Package refstyle Info: \remrangeref created on input line 301.
Package refstyle Info: \Remrangeref created on input line 301.
Package refstyle Info: \rempageref created on input line 301.
Package refstyle Info: New reference template \newref{fact} on input line 303.
Package refstyle Info: \factkey created on input line 303.
Package refstyle Info: \factlabel created on input line 303.
Package refstyle Info: \factref created on input line 303.
Package refstyle Info: \Factref created on input line 303.
Package refstyle Info: \factrangeref created on input line 303.
Package refstyle Info: \Factrangeref created on input line 303.
Package refstyle Info: \factpageref created on input line 303.
Package refstyle Info: New reference template \newref{exa} on input line 304.
Package refstyle Info: \exakey created on input line 304.
Package refstyle Info: \exalabel created on input line 304.
Package refstyle Info: \exaref created on input line 304.
Package refstyle Info: \Exaref created on input line 304.
Package refstyle Info: \exarangeref created on input line 304.
Package refstyle Info: \Exarangeref created on input line 304.
Package refstyle Info: \exapageref created on input line 304.
(C:\Users\atuls\AppData\Local\Programs\MiKTeX\tex/generic/babel\babel.sty
Package: babel 2021/07/22 3.63 The Babel package
 (C:\Users\atuls\AppData\Local\Programs\MiKTeX\tex/generic/babel\babel.def
File: babel.def 2021/07/22 3.63 Babel common definitions
\babel@savecnt=\count311
\U@D=\dimen257
\l@unhyphenated=\language79
 (C:\Users\atuls\AppData\Local\Programs\MiKTeX\tex/generic/babel\txtbabel.def)
\bbl@readstream=\read3
)
\bbl@dirlevel=\count312

*************************************
* Local config file bblopts.cfg used
*
(C:\Users\atuls\AppData\Local\Programs\MiKTeX\tex/latex/arabi\bblopts.cfg
File: bblopts.cfg 2005/09/08 v0.1 add Arabic and Farsi to "declared" options of babel
) (C:\Users\atuls\AppData\Local\Programs\MiKTeX\tex/latex/babel-english\british.ldf
Language: british 2017/06/06 v3.3r English support from the babel system
 (C:\Users\atuls\AppData\Local\Programs\MiKTeX\tex/latex/babel-english\english.ldf
Language: english 2017/06/06 v3.3r English support from the babel system
Package babel Info: Hyphen rules for 'canadian' set to \l@english
(babel)             (\language0). Reported on input line 102.
Package babel Info: Hyphen rules for 'australian' set to \l@ukenglish
(babel)             (\language73). Reported on input line 105.
Package babel Info: Hyphen rules for 'newzealand' set to \l@ukenglish
(babel)             (\language73). Reported on input line 108.
))) (C:\Users\atuls\AppData\Local\Programs\MiKTeX\tex/latex/l3backend\l3backend-pdftex.def
File: l3backend-pdftex.def 2021-07-12 L3 backend support: PDF output (pdfTeX)
\l__color_backend_stack_int=\count313
\l__pdf_internal_box=\box59
) (DI_WCF_draft3.aux

LaTeX Warning: Label `contint' multiply defined.

)
\openout1 = `DI_WCF_draft3.aux'.

LaTeX Font Info:    Checking defaults for OML/nxlmi/m/it on input line 321.
LaTeX Font Info:    Trying to load font information for OML+nxlmi on input line 321.
 (C:\Users\atuls\AppData\Local\Programs\MiKTeX\tex/latex/newtx\omlnxlmi.fd
File: omlnxlmi.fd 2013/11/19 Fontinst v1.933 font definitions for OML/nxlmi.
)
LaTeX Font Info:    ... okay on input line 321.
LaTeX Font Info:    Checking defaults for OMS/cmsy/m/n on input line 321.
LaTeX Font Info:    ... okay on input line 321.
LaTeX Font Info:    Checking defaults for OT1/cmr/m/n on input line 321.
LaTeX Font Info:    ... okay on input line 321.
LaTeX Font Info:    Checking defaults for T1/cmr/m/n on input line 321.
LaTeX Font Info:    ... okay on input line 321.
LaTeX Font Info:    Checking defaults for TS1/cmr/m/n on input line 321.
LaTeX Font Info:    ... okay on input line 321.
LaTeX Font Info:    Checking defaults for OMX/cmex/m/n on input line 321.
LaTeX Font Info:    ... okay on input line 321.
LaTeX Font Info:    Checking defaults for U/ntxexa/m/n on input line 321.
LaTeX Font Info:    Trying to load font information for U+ntxexa on input line 321.
 (C:\Users\atuls\AppData\Local\Programs\MiKTeX\tex/latex/newtx\untxexa.fd
File: untxexa.fd 2012/04/16 Fontinst v1.933 font definitions for U/ntxexa.
)
LaTeX Font Info:    ... okay on input line 321.
LaTeX Font Info:    Checking defaults for LMS/ntxsy/m/n on input line 321.
LaTeX Font Info:    Trying to load font information for LMS+ntxsy on input line 321.
 (C:\Users\atuls\AppData\Local\Programs\MiKTeX\tex/latex/newtx\lmsntxsy.fd
File: lmsntxsy.fd 2016/07/02 Fontinst v1.933 font definitions for LMS/ntxsy.
)
LaTeX Font Info:    ... okay on input line 321.
LaTeX Font Info:    Checking defaults for LMX/ntxexx/m/n on input line 321.
LaTeX Font Info:    Trying to load font information for LMX+ntxexx on input line 321.
 (C:\Users\atuls\AppData\Local\Programs\MiKTeX\tex/latex/newtx\lmxntxexx.fd
File: lmxntxexx.fd 2016/07/03 Fontinst v1.933 font definitions for LMX/ntxexx.
)
LaTeX Font Info:    ... okay on input line 321.
LaTeX Font Info:    Checking defaults for PD1/pdf/m/n on input line 321.
LaTeX Font Info:    ... okay on input line 321.
LaTeX Font Info:    Checking defaults for PU/pdf/m/n on input line 321.
LaTeX Font Info:    ... okay on input line 321.
\c@mv@tabular=\count314
\c@mv@boldtabular=\count315

*geometry* driver: auto-detecting
*geometry* detected driver: pdftex

Package geometry Warning: The marginal notes overrun the paper.
     Add 3.73001pt and more to the right margin.

*geometry* verbose mode - [ preamble ] result:
* driver: pdftex
* paper: <default>
* layout: <same size as paper>
* layoutoffset:(h,v)=(0.0pt,0.0pt)
* modes: 
* h-part:(L,W,R)=(72.26999pt, 469.75502pt, 72.26999pt)
* v-part:(T,H,B)=(72.26999pt, 650.43001pt, 72.26999pt)
* \paperwidth=614.295pt
* \paperheight=794.96999pt
* \textwidth=469.75502pt
* \textheight=650.43001pt
* \oddsidemargin=0.0pt
* \evensidemargin=0.0pt
* \topmargin=-144.53998pt
* \headheight=72.26999pt
* \headsep=72.26999pt
* \topskip=10.0pt
* \footskip=50.58878pt
* \marginparwidth=65.0pt
* \marginparsep=11.0pt
* \columnsep=10.0pt
* \skip\footins=9.0pt plus 4.0pt minus 2.0pt
* \hoffset=0.0pt
* \voffset=0.0pt
* \mag=1000
* \@twocolumnfalse
* \@twosidefalse
* \@mparswitchfalse
* \@reversemarginfalse
* (1in=72.27pt=25.4mm, 1cm=28.453pt)

(C:\Users\atuls\AppData\Local\Programs\MiKTeX\tex/context/base/mkii\supp-pdf.mkii
[Loading MPS to PDF converter (version 2006.09.02).]
\scratchcounter=\count316
\scratchdimen=\dimen258
\scratchbox=\box60
\nofMPsegments=\count317
\nofMParguments=\count318
\everyMPshowfont=\toks43
\MPscratchCnt=\count319
\MPscratchDim=\dimen259
\MPnumerator=\count320
\makeMPintoPDFobject=\count321
\everyMPtoPDFconversion=\toks44
) (C:\Users\atuls\AppData\Local\Programs\MiKTeX\tex/latex/epstopdf-pkg\epstopdf-base.sty
Package: epstopdf-base 2020-01-24 v2.11 Base part for package epstopdf
Package epstopdf-base Info: Redefining graphics rule for `.eps' on input line 485.
 (C:\Users\atuls\AppData\Local\Programs\MiKTeX\tex/latex/00miktex\epstopdf-sys.cfg
File: epstopdf-sys.cfg 2021/03/18 v2.0 Configuration of epstopdf for MiKTeX
))
Package hyperref Info: Link coloring ON on input line 321.
 (C:\Users\atuls\AppData\Local\Programs\MiKTeX\tex/latex/hyperref\nameref.sty
Package: nameref 2021-04-02 v2.47 Cross-referencing by name of section
 (C:\Users\atuls\AppData\Local\Programs\MiKTeX\tex/latex/refcount\refcount.sty
Package: refcount 2019/12/15 v3.6 Data extraction from label references (HO)
) (C:\Users\atuls\AppData\Local\Programs\MiKTeX\tex/generic/gettitlestring\gettitlestring.sty
Package: gettitlestring 2019/12/15 v1.6 Cleanup title references (HO)
)
\c@section@level=\count322
)
LaTeX Info: Redefining \ref on input line 321.
LaTeX Info: Redefining \pageref on input line 321.
LaTeX Info: Redefining \nameref on input line 321.
 (DI_WCF_draft3.out) (DI_WCF_draft3.out)
\@outlinefile=\write3
\openout3 = `DI_WCF_draft3.out'.

LaTeX Font Info:    Font shape `T1/LinuxLibertineT-TLF/m/n' will be
(Font)              scaled to size 17.28pt on input line 336.
LaTeX Font Info:    Font shape `T1/LinuxLibertineT-TLF/m/n' will be
(Font)              scaled to size 12.0pt on input line 336.
LaTeX Font Info:    Font shape `OT1/LinuxLibertineT-TLF/m/n' will be
(Font)              scaled to size 12.0pt on input line 336.
LaTeX Font Info:    Font shape `OT1/LinuxLibertineT-TLF/m/n' will be
(Font)              scaled to size 8.8pt on input line 336.
LaTeX Font Info:    Font shape `OT1/LinuxLibertineT-TLF/m/n' will be
(Font)              scaled to size 6.6pt on input line 336.
LaTeX Font Info:    Trying to load font information for U+ntxmia on input line 336.
 (C:\Users\atuls\AppData\Local\Programs\MiKTeX\tex/latex/newtx\untxmia.fd
File: untxmia.fd 2018/04/14 Fontinst v1.933 font definitions for U/ntxmia.
)
LaTeX Font Info:    Trying to load font information for U+ntxsym on input line 336.
 (C:\Users\atuls\AppData\Local\Programs\MiKTeX\tex/latex/newtx\untxsym.fd
File: untxsym.fd 2015/03/20 Fontinst v1.933 font definitions for U/ntxsym.
)
LaTeX Font Info:    Trying to load font information for U+ntxsyc on input line 336.
 (C:\Users\atuls\AppData\Local\Programs\MiKTeX\tex/latex/newtx\untxsyc.fd
File: untxsyc.fd 2012/04/12 Fontinst v1.933 font definitions for U/ntxsyc.
)
LaTeX Font Info:    Trying to load font information for U+wasy on input line 336.
 (C:\Users\atuls\AppData\Local\Programs\MiKTeX\tex/latex/wasysym\uwasy.fd
File: uwasy.fd 2020/01/19 v2.4 Wasy-2 symbol font definitions
)
LaTeX Font Info:    Font shape `T1/LinuxLibertineT-TLF/m/n' will be
(Font)              scaled to size 8.8pt on input line 336.
LaTeX Font Info:    Font shape `T1/LinuxLibertineT-TLF/m/it' will be
(Font)              scaled to size 12.0pt on input line 336.
LaTeX Font Info:    Font shape `T1/LinuxLibertineT-TLF/m/it' will be
(Font)              scaled to size 9.0pt on input line 336.
LaTeX Font Info:    Font shape `OT1/LinuxLibertineT-TLF/m/n' will be
(Font)              scaled to size 9.0pt on input line 336.
LaTeX Font Info:    Font shape `OT1/LinuxLibertineT-TLF/m/n' will be
(Font)              scaled to size 7.3pt on input line 336.
LaTeX Font Info:    Font shape `OT1/LinuxLibertineT-TLF/m/n' will be
(Font)              scaled to size 5.5pt on input line 336.


LaTeX Font Warning: Font shape `U/wasy/m/n' in size <5.5> not available
(Font)              size <5> substituted on input line 336.

LaTeX Font Info:    Font shape `T1/LinuxLibertineT-TLF/m/it' will be
(Font)              scaled to size 7.3pt on input line 336.
LaTeX Font Info:    Font shape `T1/LinuxLibertineT-TLF/m/n' will be
(Font)              scaled to size 7.3pt on input line 336.
LaTeX Font Info:    Font shape `T1/LinuxLibertineT-TLF/m/n' will be
(Font)              scaled to size 9.0pt on input line 336.
LaTeX Font Info:    Font shape `T1/LinuxLibertineT-TLF/b/n' will be
(Font)              scaled to size 9.0pt on input line 336.
LaTeX Font Info:    Font shape `T1/LinuxLibertineT-TLF/m/n' will be
(Font)              scaled to size 14.4pt on input line 371.
LaTeX Font Info:    Font shape `T1/LinuxLibertineT-TLF/b/n' will be
(Font)              scaled to size 14.4pt on input line 371.
(DI_WCF_draft3.toc
LaTeX Font Info:    Font shape `T1/LinuxLibertineT-TLF/b/n' will be
(Font)              scaled to size 10.0pt on input line 2.
 [1

{C:/Users/atuls/AppData/Local/MiKTeX/pdftex/config/pdftex.map}])
\tf@toc=\write4
\openout4 = `DI_WCF_draft3.toc'.

LaTeX Font Info:    Font shape `T1/LinuxLibertineT-TLF/m/it' will be
(Font)              scaled to size 10.0pt on input line 378.
LaTeX Font Info:    Font shape `T1/LinuxLibertineT-TLF/m/n' will be
(Font)              scaled to size 8.0pt on input line 425.
LaTeX Font Info:    Font shape `OT1/LinuxLibertineT-TLF/m/n' will be
(Font)              scaled to size 8.0pt on input line 425.
LaTeX Font Info:    Font shape `OT1/LinuxLibertineT-TLF/m/n' will be
(Font)              scaled to size 6.2pt on input line 425.
LaTeX Font Info:    Font shape `T1/LinuxLibertineT-TLF/m/n' will be
(Font)              scaled to size 6.2pt on input line 425.
 [2]
LaTeX Font Info:    Font shape `T1/LinuxLibertineT-TLF/b/n' will be
(Font)              scaled to size 12.0pt on input line 481.
LaTeX Font Info:    Font shape `T1/LinuxLibertineT-TLF/m/it' will be
(Font)              scaled to size 5.5pt on input line 510.
 [3] [4]
Underfull \hbox (badness 10000) in alignment at lines 636--636
[][]
 []

[5]
Overfull \hbox (20.6417pt too wide) in paragraph at lines 900--906
[][]\T1/LinuxLibertineT-TLF/b/n/10 Lemma 8 \T1/LinuxLibertineT-TLF/m/n/10 (TODO: cite)\T1/LinuxLibertineT-TLF/b/n/10 . []\T1/LinuxLibertineT-TLF/m/it/10 Let $\OML/nxlmi/m/it/10 a; b; c; x; y; z \LMS/ntxsy/m/n/10 2 f\OT1/LinuxLibertineT-TLF/m/n/10 0\OML/nxlmi/m/it/10 ; \OT1/LinuxLibertineT-TLF/m/n/10 1\LMS/ntxsy/m/n/10 g$\T1/LinuxLibertineT-TLF/m/it/10 . Con-sider a trio of quantum boxes, spe-cified by pro-ject-ors $\LMS/ntxsy/m/n/10 f\OML/nxlmi/m/it/10 M[]; M[]; M[]\LMS/ntxsy/m/n/10 g$
 []

[6]
Package hyperref Info: bookmark level for unknown algorithm defaults to 0 on input line 935.
 [7]

Package hyperref Warning: Token not allowed in a PDF string (Unicode):
(hyperref)                removing `math shift' on input line 1136.


Package hyperref Warning: Token not allowed in a PDF string (Unicode):
(hyperref)                removing `math shift' on input line 1136.


LaTeX Warning: `h' float specifier changed to `ht'.


Overfull \hbox (8.10951pt too wide) in paragraph at lines 1158--1168
[][]\T1/LinuxLibertineT-TLF/b/n/10 Lemma 10. []\T1/LinuxLibertineT-TLF/m/it/10 Let $\LMS/ntxsy/m/n/10 P$ \T1/LinuxLibertineT-TLF/m/it/10 de-note the pro-tocol cor-res-pond-ing to Pro-tocol [][][][][]. Then Alice's cheat-ing prob-ab-il-ity $\OML/nxlmi/m/it/10 p[]\LMS/ntxsy/m/n/10 P  [][]\OML/nxlmi/m/it/10 \LMS/ntxsy/m/n/10 \OT1/LinuxLibertineT-TLF/m/n/10 8\LMS/ntxsy/m/n/10  
 []

[8]

Package hyperref Warning: Token not allowed in a PDF string (Unicode):
(hyperref)                removing `math shift' on input line 1176.


Package hyperref Warning: Token not allowed in a PDF string (Unicode):
(hyperref)                removing `math shift' on input line 1176.

[9] [10]
LaTeX Font Info:    Font shape `T1/LinuxLibertineT-TLF/m/n' will be
(Font)              scaled to size 5.5pt on input line 1361.


Package hyperref Warning: Token not allowed in a PDF string (Unicode):
(hyperref)                removing `math shift' on input line 1368.


Package hyperref Warning: Token not allowed in a PDF string (Unicode):
(hyperref)                removing `superscript' on input line 1368.


Package hyperref Warning: Token not allowed in a PDF string (Unicode):
(hyperref)                removing `math shift' on input line 1368.


LaTeX Warning: Reference `fig:Standard-composition-technique' on page 11 undefined on input line 1431.

<figures/composition_1.pdf, id=403, 201.75375pt x 102.3825pt>
File: figures/composition_1.pdf Graphic file (type pdf)
<use figures/composition_1.pdf>
Package pdftex.def Info: figures/composition_1.pdf  used on input line 1431.
(pdftex.def)             Requested size: 201.75325pt x 102.38225pt.

Package hyperref Warning: Token not allowed in a PDF string (Unicode):
(hyperref)                removing `math shift' on input line 1438.


Package hyperref Warning: Token not allowed in a PDF string (Unicode):
(hyperref)                removing `superscript' on input line 1438.


Package hyperref Warning: Token not allowed in a PDF string (Unicode):
(hyperref)                removing `\perp' on input line 1438.


Package hyperref Warning: Token not allowed in a PDF string (Unicode):
(hyperref)                removing `superscript' on input line 1438.


Package hyperref Warning: Token not allowed in a PDF string (Unicode):
(hyperref)                removing `\perp' on input line 1438.


Package hyperref Warning: Token not allowed in a PDF string (Unicode):
(hyperref)                removing `math shift' on input line 1438.

[11]
<figures/composition_2.pdf, id=417, 190.7125pt x 102.3825pt>
File: figures/composition_2.pdf Graphic file (type pdf)
<use figures/composition_2.pdf>
Package pdftex.def Info: figures/composition_2.pdf  used on input line 1491.
(pdftex.def)             Requested size: 190.71202pt x 102.38225pt.
 [12 <./figures/composition_1.pdf>] [13 <./figures/composition_2.pdf>] [14]

LaTeX Warning: Reference `alg:SCForiginal' on page 15 undefined on input line 1832.

[15]
LaTeX Font Info:    Font shape `OT1/LinuxLibertineT-TLF/m/n' will be
(Font)              scaled to size 14.4pt on input line 1834.
LaTeX Font Info:    Font shape `OT1/LinuxLibertineT-TLF/m/n' will be
(Font)              scaled to size 10.5pt on input line 1834.
LaTeX Font Info:    Font shape `OT1/LinuxLibertineT-TLF/m/n' will be
(Font)              scaled to size 7.9pt on input line 1834.


LaTeX Font Warning: Font shape `U/wasy/m/n' in size <10.5> not available
(Font)              size <10.95> substituted on input line 1834.


Package hyperref Warning: Token not allowed in a PDF string (Unicode):
(hyperref)                removing `math shift' on input line 1834.


Package hyperref Warning: Token not allowed in a PDF string (Unicode):
(hyperref)                removing `math shift' on input line 1834.

[16] [17]
Overfull \hbox (5.74733pt too wide) in paragraph at lines 2121--2121
\T1/LinuxLibertineT-TLF/m/n/10 At this point, in the asymp-totic case, we could dir-ectly ap-ply the self-testing res-ult and re-place $\U/ntxmia/m/it/10 []\OML/nxlmi/m/it/10 M[] [][]$
 []

[18] [19] [20] [21] [22] (DI_WCF_draft3.bbl) [23

] [24] (DI_WCF_draft3.aux)

LaTeX Font Warning: Size substitutions with differences
(Font)              up to 0.5pt have occurred.


LaTeX Warning: There were undefined references.


LaTeX Warning: There were multiply-defined labels.

Package rerunfilecheck Info: File `DI_WCF_draft3.out' has not changed.
(rerunfilecheck)             Checksum: 6ACD602C708F5B446D255C9EECB1A1F9;4969.
 )
(\end occurred inside a group at level 1)

### simple group (level 1) entered at line 1059 ({)
### bottom level 
Here is how much of TeX's memory you used:
 17523 strings out of 478870
 259344 string characters out of 2848837
 591066 words of memory out of 3000000
 34829 multiletter control sequences out of 15000+600000
 578165 words of font info for 229 fonts, out of 8000000 for 9000
 1141 hyphenation exceptions out of 8191
 60i,14n,66p,1234b,590s stack positions out of 5000i,500n,10000p,200000b,80000s
pdfTeX warning (dest): name{Hfootnote.12} has been referenced but does not exist, replaced by a fixed one

 <C:\Users\atuls\AppData\Local\MiKTeX\fonts/pk/ljfour/public/wasy/dpi600\wasy10.pk>{C:/Users/atuls/AppData/Local/Programs/MiKTeX/fonts/enc/dvips/libertine/lbtn_oexx6f.enc}{C:/Users/atuls/AppData/Local/Programs/MiKTeX/fonts/enc/dvips/libertine/lbtn_nh77jq.enc}{C:/Users/atuls/AppData/Local/Programs/MiKTeX/fonts/enc/dvips/libertine/lbtn_7grukw.enc}{C:/Users/atuls/AppData/Local/Programs/MiKTeX/fonts/enc/dvips/libertine/lbtn_76gpa5.enc}<C:/Users/atuls/AppData/Local/Programs/MiKTeX/fonts/type1/public/newtx/LibertineMathMI.pfb><C:/Users/atuls/AppData/Local/Programs/MiKTeX/fonts/type1/public/newtx/LibertineMathMI5.pfb><C:/Users/atuls/AppData/Local/Programs/MiKTeX/fonts/type1/public/newtx/LibertineMathMI7.pfb><C:/Users/atuls/AppData/Local/Programs/MiKTeX/fonts/type1/public/newtx/LibertineMathRM.pfb><C:/Users/atuls/AppData/Local/Programs/MiKTeX/fonts/type1/public/libertine/LinLibertineT.pfb><C:/Users/atuls/AppData/Local/Programs/MiKTeX/fonts/type1/public/libertine/LinLibertineTB.pfb><C:/Users/atuls/AppData/Local/Programs/MiKTeX/fonts/type1/public/libertine/LinLibertineTI.pfb><C:/Users/atuls/AppData/Local/Programs/MiKTeX/fonts/type1/public/newtx/NewTXMI.pfb><C:/Users/atuls/AppData/Local/Programs/MiKTeX/fonts/type1/public/newtx/NewTXMI7.pfb><C:/Users/atuls/AppData/Local/Programs/MiKTeX/fonts/type1/public/newtx/txexs.pfb><C:/Users/atuls/AppData/Local/Programs/MiKTeX/fonts/type1/public/newtx/txmiaX.pfb><C:/Users/atuls/AppData/Local/Programs/MiKTeX/fonts/type1/public/txfonts/txsya.pfb><C:/Users/atuls/AppData/Local/Programs/MiKTeX/fonts/type1/public/txfonts/txsyb.pfb><C:/Users/atuls/AppData/Local/Programs/MiKTeX/fonts/type1/public/newtx/txsys.pfb>
Output written on DI_WCF_draft3.pdf (24 pages, 570660 bytes).
PDF statistics:
 726 PDF objects out of 1000 (max. 8388607)
 231 named destinations out of 1000 (max. 500000)
 219 words of extra memory for PDF output out of 10000 (max. 10000000)

