\BOOKMARK [1][-]{section.1}{Introduction}{}% 1
\BOOKMARK [2][-]{subsection.1.1}{About Weak Coin Flipping}{section.1}% 2
\BOOKMARK [2][-]{subsection.1.2}{Contributions}{section.1}% 3
\BOOKMARK [2][-]{subsection.1.3}{Proof Technique}{section.1}% 4
\BOOKMARK [1][-]{section.2}{Device Independent Weak Coin Flipping protocols | State Of The Art}{}% 5
\BOOKMARK [2][-]{subsection.2.1}{Device Independence and the Box Paradigm}{section.2}% 6
\BOOKMARK [2][-]{subsection.2.2}{The GHZ Test}{section.2}% 7
\BOOKMARK [2][-]{subsection.2.3}{The Protocol}{section.2}% 8
\BOOKMARK [1][-]{section.3}{First Technique: Self-testing \(single shot, unbalanced\)}{}% 9
\BOOKMARK [2][-]{subsection.3.1}{Cheat Vectors }{section.3}% 10
\BOOKMARK [2][-]{subsection.3.2}{Alice self-tests | Protocol P}{section.3}% 11
\BOOKMARK [2][-]{subsection.3.3}{Bob self-tests | Protocol Q}{section.3}% 12
\BOOKMARK [1][-]{section.4}{Second Technique: Bias Suppression }{}% 13
\BOOKMARK [2][-]{subsection.4.1}{Composition}{section.4}% 14
\BOOKMARK [2][-]{subsection.4.2}{Standard Composition | CLL}{section.4}% 15
\BOOKMARK [2][-]{subsection.4.3}{Abort Phobic Compositions | CL,CL}{section.4}% 16
\BOOKMARK [1][-]{section.5}{Security Proof | Asymptotic}{}% 17
\BOOKMARK [2][-]{subsection.5.1}{Cheat vectors optimisation using Semi Definite Programming}{section.5}% 18
\BOOKMARK [3][-]{subsubsection.5.1.1}{SDP when Alice self-tests}{subsection.5.1}% 19
\BOOKMARK [3][-]{subsubsection.5.1.2}{SDP when Bob self-tests}{subsection.5.1}% 20
\BOOKMARK [1][-]{section.6}{Security Analysis | Finite n}{}% 21
\BOOKMARK [2][-]{subsection.6.1}{Alice self tests}{section.6}% 22
\BOOKMARK [2][-]{subsection.6.2}{Bob self tests}{section.6}% 23
\BOOKMARK [2][-]{subsection.6.3}{The self-testing step [Discuss with Tom before writing] }{section.6}% 24
\BOOKMARK [2][-]{subsection.6.4}{Robust Self Testing}{section.6}% 25
\BOOKMARK [2][-]{subsection.6.5}{The continuity argument [Enter Jamie]}{section.6}% 26
